This is pdfTeX, Version 3.141592653-2.6-1.40.28 (TeX Live 2025/Debian) (preloaded format=pdflatex 2026.4.27)  29 APR 2026 10:09
entering extended mode
 restricted \write18 enabled.
 %&-line parsing enabled.
**HQIV/paper/main.tex
(./HQIV/paper/main.tex
LaTeX2e <2025-11-01>
L3 programming layer <2026-01-19>
(/usr/share/texlive/texmf-dist/tex/latex/base/article.cls
Document Class: article 2025/01/22 v1.4n Standard LaTeX document class
(/usr/share/texlive/texmf-dist/tex/latex/base/size12.clo
File: size12.clo 2025/01/22 v1.4n Standard LaTeX file (size option)
)
\c@part=\count275
\c@section=\count276
\c@subsection=\count277
\c@subsubsection=\count278
\c@paragraph=\count279
\c@subparagraph=\count280
\c@figure=\count281
\c@table=\count282
\abovecaptionskip=\skip49
\belowcaptionskip=\skip50
\bibindent=\dimen148
)
(/usr/share/texlive/texmf-dist/tex/latex/base/inputenc.sty
Package: inputenc 2024/02/08 v1.3d Input encoding file
\inpenc@prehook=\toks17
\inpenc@posthook=\toks18
)
(/usr/share/texlive/texmf-dist/tex/latex/amsmath/amsmath.sty
Package: amsmath 2025/07/09 v2.17z AMS math features
\@mathmargin=\skip51

For additional information on amsmath, use the `?' option.
(/usr/share/texlive/texmf-dist/tex/latex/amsmath/amstext.sty
Package: amstext 2024/11/17 v2.01 AMS text

(/usr/share/texlive/texmf-dist/tex/latex/amsmath/amsgen.sty
File: amsgen.sty 1999/11/30 v2.0 generic functions
\@emptytoks=\toks19
\ex@=\dimen149
))
(/usr/share/texlive/texmf-dist/tex/latex/amsmath/amsbsy.sty
Package: amsbsy 1999/11/29 v1.2d Bold Symbols
\pmbraise@=\dimen150
)
(/usr/share/texlive/texmf-dist/tex/latex/amsmath/amsopn.sty
Package: amsopn 2022/04/08 v2.04 operator names
)
\inf@bad=\count283
LaTeX Info: Redefining \frac on input line 233.
\uproot@=\count284
\leftroot@=\count285
LaTeX Info: Redefining \overline on input line 398.
LaTeX Info: Redefining \colon on input line 409.
\classnum@=\count286
\DOTSCASE@=\count287
LaTeX Info: Redefining \ldots on input line 495.
LaTeX Info: Redefining \dots on input line 498.
LaTeX Info: Redefining \cdots on input line 619.
\Mathstrutbox@=\box53
\strutbox@=\box54
LaTeX Info: Redefining \big on input line 721.
LaTeX Info: Redefining \Big on input line 722.
LaTeX Info: Redefining \bigg on input line 723.
LaTeX Info: Redefining \Bigg on input line 724.
\big@size=\dimen151
LaTeX Font Info:    Redeclaring font encoding OML on input line 742.
LaTeX Font Info:    Redeclaring font encoding OMS on input line 743.
\macc@depth=\count288
LaTeX Info: Redefining \bmod on input line 904.
LaTeX Info: Redefining \pmod on input line 909.
LaTeX Info: Redefining \smash on input line 939.
LaTeX Info: Redefining \relbar on input line 969.
LaTeX Info: Redefining \Relbar on input line 970.
\c@MaxMatrixCols=\count289
\dotsspace@=\muskip17
\c@parentequation=\count290
\dspbrk@lvl=\count291
\tag@help=\toks20
\row@=\count292
\column@=\count293
\maxfields@=\count294
\andhelp@=\toks21
\eqnshift@=\dimen152
\alignsep@=\dimen153
\tagshift@=\dimen154
\tagwidth@=\dimen155
\totwidth@=\dimen156
\lineht@=\dimen157
\@envbody=\toks22
\multlinegap=\skip52
\multlinetaggap=\skip53
\mathdisplay@stack=\toks23
LaTeX Info: Redefining \[ on input line 2950.
LaTeX Info: Redefining \] on input line 2951.
)
(/usr/share/texlive/texmf-dist/tex/latex/amsfonts/amssymb.sty
Package: amssymb 2013/01/14 v3.01 AMS font symbols

(/usr/share/texlive/texmf-dist/tex/latex/amsfonts/amsfonts.sty
Package: amsfonts 2013/01/14 v3.01 Basic AMSFonts support
\symAMSa=\mathgroup4
\symAMSb=\mathgroup5
LaTeX Font Info:    Redeclaring math symbol \hbar on input line 98.
LaTeX Font Info:    Overwriting math alphabet `\mathfrak' in version `bold'
(Font)                  U/euf/m/n --> U/euf/b/n on input line 106.
))
(/usr/share/texlive/texmf-dist/tex/latex/amscls/amsthm.sty
Package: amsthm 2020/05/29 v2.20.6
\thm@style=\toks24
\thm@bodyfont=\toks25
\thm@headfont=\toks26
\thm@notefont=\toks27
\thm@headpunct=\toks28
\thm@preskip=\skip54
\thm@postskip=\skip55
\thm@headsep=\skip56
\dth@everypar=\toks29
)
(/usr/share/texlive/texmf-dist/tex/latex/mathtools/mathtools.sty
Package: mathtools 2024/10/04 v1.31 mathematical typesetting tools

(/usr/share/texlive/texmf-dist/tex/latex/graphics/keyval.sty
Package: keyval 2022/05/29 v1.15 key=value parser (DPC)
\KV@toks@=\toks30
)
(/usr/share/texlive/texmf-dist/tex/latex/tools/calc.sty
Package: calc 2025/03/01 v4.3b Infix arithmetic (KKT,FJ)
\calc@Acount=\count295
\calc@Bcount=\count296
\calc@Adimen=\dimen158
\calc@Bdimen=\dimen159
\calc@Askip=\skip57
\calc@Bskip=\skip58
LaTeX Info: Redefining \setlength on input line 86.
LaTeX Info: Redefining \addtolength on input line 87.
\calc@Ccount=\count297
\calc@Cskip=\skip59
)
(/usr/share/texlive/texmf-dist/tex/latex/mathtools/mhsetup.sty
Package: mhsetup 2021/03/18 v1.4 programming setup (MH)
)
\g_MT_multlinerow_int=\count298
\l_MT_multwidth_dim=\dimen160
\origjot=\skip60
\l_MT_shortvdotswithinadjustabove_dim=\dimen161
\l_MT_shortvdotswithinadjustbelow_dim=\dimen162
\l_MT_above_intertext_sep=\dimen163
\l_MT_below_intertext_sep=\dimen164
\l_MT_above_shortintertext_sep=\dimen165
\l_MT_below_shortintertext_sep=\dimen166
\xmathstrut@box=\box55
\xmathstrut@dim=\dimen167
)
(/usr/share/texlive/texmf-dist/tex/latex/physics/physics.sty
Package: physics 

(/usr/share/texlive/texmf-dist/tex/latex/l3packages/xparse/xparse.sty
(/usr/share/texlive/texmf-dist/tex/latex/l3kernel/expl3.sty
Package: expl3 2026-01-19 L3 programming layer (loader) 

(/usr/share/texlive/texmf-dist/tex/latex/l3backend/l3backend-pdftex.def
File: l3backend-pdftex.def 2025-10-09 L3 backend support: PDF output (pdfTeX)
\l__color_backend_stack_int=\count299
))
Package: xparse 2025-10-09 L3 Experimental document command parser
))
(/usr/share/texlive/texmf-dist/tex/latex/graphics/graphicx.sty
Package: graphicx 2024/12/31 v1.2e Enhanced LaTeX Graphics (DPC,SPQR)

(/usr/share/texlive/texmf-dist/tex/latex/graphics/graphics.sty
Package: graphics 2024/08/06 v1.4g Standard LaTeX Graphics (DPC,SPQR)

(/usr/share/texlive/texmf-dist/tex/latex/graphics/trig.sty
Package: trig 2023/12/02 v1.11 sin cos tan (DPC)
)
(/usr/share/texlive/texmf-dist/tex/latex/graphics-cfg/graphics.cfg
File: graphics.cfg 2016/06/04 v1.11 sample graphics configuration
)
Package graphics Info: Driver file: pdftex.def on input line 106.

(/usr/share/texlive/texmf-dist/tex/latex/graphics-def/pdftex.def
File: pdftex.def 2025/09/29 v1.2d Graphics/color driver for pdftex
))
\Gin@req@height=\dimen168
\Gin@req@width=\dimen169
)
(/usr/share/texlive/texmf-dist/tex/latex/hyperref/hyperref.sty
Package: hyperref 2025-07-12 v7.01o Hypertext links for LaTeX

(/usr/share/texlive/texmf-dist/tex/generic/iftex/iftex.sty
Package: iftex 2024/12/12 v1.0g TeX engine tests
)
(/usr/share/texlive/texmf-dist/tex/latex/kvsetkeys/kvsetkeys.sty
Package: kvsetkeys 2022-10-05 v1.19 Key value parser (HO)
)
(/usr/share/texlive/texmf-dist/tex/generic/kvdefinekeys/kvdefinekeys.sty
Package: kvdefinekeys 2019-12-19 v1.6 Define keys (HO)
)
(/usr/share/texlive/texmf-dist/tex/generic/pdfescape/pdfescape.sty
Package: pdfescape 2019/12/09 v1.15 Implements pdfTeX's escape features (HO)

(/usr/share/texlive/texmf-dist/tex/generic/ltxcmds/ltxcmds.sty
Package: ltxcmds 2023-12-04 v1.26 LaTeX kernel commands for general use (HO)
)
(/usr/share/texlive/texmf-dist/tex/generic/pdftexcmds/pdftexcmds.sty
Package: pdftexcmds 2020-06-27 v0.33 Utility functions of pdfTeX for LuaTeX (HO
)

(/usr/share/texlive/texmf-dist/tex/generic/infwarerr/infwarerr.sty
Package: infwarerr 2019/12/03 v1.5 Providing info/warning/error messages (HO)
)
Package pdftexcmds Info: \pdf@primitive is available.
Package pdftexcmds Info: \pdf@ifprimitive is available.
Package pdftexcmds Info: \pdfdraftmode found.
))
(/usr/share/texlive/texmf-dist/tex/latex/hycolor/hycolor.sty
Package: hycolor 2020-01-27 v1.10 Color options for hyperref/bookmark (HO)
)
(/usr/share/texlive/texmf-dist/tex/latex/hyperref/nameref.sty
Package: nameref 2025-06-21 v2.57 Cross-referencing by name of section

(/usr/share/texlive/texmf-dist/tex/latex/refcount/refcount.sty
Package: refcount 2019/12/15 v3.6 Data extraction from label references (HO)
)
(/usr/share/texlive/texmf-dist/tex/generic/gettitlestring/gettitlestring.sty
Package: gettitlestring 2019/12/15 v1.6 Cleanup title references (HO)

(/usr/share/texlive/texmf-dist/tex/latex/kvoptions/kvoptions.sty
Package: kvoptions 2022-06-15 v3.15 Key value format for package options (HO)
))
\c@section@level=\count300
)
(/usr/share/texlive/texmf-dist/tex/latex/etoolbox/etoolbox.sty
Package: etoolbox 2025/10/02 v2.5m e-TeX tools for LaTeX (JAW)
\etb@tempcnta=\count301
)
(/usr/share/texlive/texmf-dist/tex/generic/stringenc/stringenc.sty
Package: stringenc 2019/11/29 v1.12 Convert strings between diff. encodings (HO
)
)
\@linkdim=\dimen170
\Hy@linkcounter=\count302
\Hy@pagecounter=\count303

(/usr/share/texlive/texmf-dist/tex/latex/hyperref/pd1enc.def
File: pd1enc.def 2025-07-12 v7.01o Hyperref: PDFDocEncoding definition (HO)
Now handling font encoding PD1 ...
... no UTF-8 mapping file for font encoding PD1
)
(/usr/share/texlive/texmf-dist/tex/generic/intcalc/intcalc.sty
Package: intcalc 2019/12/15 v1.3 Expandable calculations with integers (HO)
)
\Hy@SavedSpaceFactor=\count304

(/usr/share/texlive/texmf-dist/tex/latex/hyperref/puenc.def
File: puenc.def 2025-07-12 v7.01o Hyperref: PDF Unicode definition (HO)
Now handling font encoding PU ...
... no UTF-8 mapping file for font encoding PU
)
Package hyperref Info: Hyper figures OFF on input line 4195.
Package hyperref Info: Link nesting OFF on input line 4200.
Package hyperref Info: Hyper index ON on input line 4203.
Package hyperref Info: Plain pages OFF on input line 4210.
Package hyperref Info: Backreferencing OFF on input line 4215.
Package hyperref Info: Implicit mode ON; LaTeX internals redefined.
Package hyperref Info: Bookmarks ON on input line 4462.
\c@Hy@tempcnt=\count305

(/usr/share/texlive/texmf-dist/tex/latex/url/url.sty
\Urlmuskip=\muskip18
Package: url 2013/09/16  ver 3.4  Verb mode for urls, etc.
)
LaTeX Info: Redefining \url on input line 4801.
\XeTeXLinkMargin=\dimen171

(/usr/share/texlive/texmf-dist/tex/generic/bitset/bitset.sty
Package: bitset 2019/12/09 v1.3 Handle bit-vector datatype (HO)

(/usr/share/texlive/texmf-dist/tex/generic/bigintcalc/bigintcalc.sty
Package: bigintcalc 2019/12/15 v1.5 Expandable calculations on big integers (HO
)
))
\Fld@menulength=\count306
\Field@Width=\dimen172
\Fld@charsize=\dimen173
Package hyperref Info: Hyper figures OFF on input line 6078.
Package hyperref Info: Link nesting OFF on input line 6083.
Package hyperref Info: Hyper index ON on input line 6086.
Package hyperref Info: backreferencing OFF on input line 6093.
Package hyperref Info: Link coloring OFF on input line 6098.
Package hyperref Info: Link coloring with OCG OFF on input line 6103.
Package hyperref Info: PDF/A mode OFF on input line 6108.
\Hy@abspage=\count307
\c@Item=\count308
\c@Hfootnote=\count309
)
Package hyperref Info: Driver (autodetected): hpdftex.

(/usr/share/texlive/texmf-dist/tex/latex/hyperref/hpdftex.def
File: hpdftex.def 2025-07-12 v7.01o Hyperref driver for pdfTeX
\Fld@listcount=\count310
\c@bookmark@seq@number=\count311

(/usr/share/texlive/texmf-dist/tex/latex/rerunfilecheck/rerunfilecheck.sty
Package: rerunfilecheck 2025-06-21 v1.11 Rerun checks for auxiliary files (HO)

(/usr/share/texlive/texmf-dist/tex/generic/uniquecounter/uniquecounter.sty
Package: uniquecounter 2019/12/15 v1.4 Provide unlimited unique counter (HO)
)
Package uniquecounter Info: New unique counter `rerunfilecheck' on input line 2
84.
)
\Hy@SectionHShift=\skip61
)
(/usr/share/texlive/texmf-dist/tex/latex/natbib/natbib.sty
Package: natbib 2010/09/13 8.31b (PWD, AO)
\bibhang=\skip62
\bibsep=\skip63
LaTeX Info: Redefining \cite on input line 694.
\c@NAT@ctr=\count312
)
(/usr/share/texlive/texmf-dist/tex/latex/booktabs/booktabs.sty
Package: booktabs 2020/01/12 v1.61803398 Publication quality tables
\heavyrulewidth=\dimen174
\lightrulewidth=\dimen175
\cmidrulewidth=\dimen176
\belowrulesep=\dimen177
\belowbottomsep=\dimen178
\aboverulesep=\dimen179
\abovetopsep=\dimen180
\cmidrulesep=\dimen181
\cmidrulekern=\dimen182
\defaultaddspace=\dimen183
\@cmidla=\count313
\@cmidlb=\count314
\@aboverulesep=\dimen184
\@belowrulesep=\dimen185
\@thisruleclass=\count315
\@lastruleclass=\count316
\@thisrulewidth=\dimen186
) (./main.aux)
\openout1 = `main.aux'.

LaTeX Font Info:    Checking defaults for OML/cmm/m/it on input line 17.
LaTeX Font Info:    ... okay on input line 17.
LaTeX Font Info:    Checking defaults for OMS/cmsy/m/n on input line 17.
LaTeX Font Info:    ... okay on input line 17.
LaTeX Font Info:    Checking defaults for OT1/cmr/m/n on input line 17.
LaTeX Font Info:    ... okay on input line 17.
LaTeX Font Info:    Checking defaults for T1/cmr/m/n on input line 17.
LaTeX Font Info:    ... okay on input line 17.
LaTeX Font Info:    Checking defaults for TS1/cmr/m/n on input line 17.
LaTeX Font Info:    ... okay on input line 17.
LaTeX Font Info:    Checking defaults for OMX/cmex/m/n on input line 17.
LaTeX Font Info:    ... okay on input line 17.
LaTeX Font Info:    Checking defaults for U/cmr/m/n on input line 17.
LaTeX Font Info:    ... okay on input line 17.
LaTeX Font Info:    Checking defaults for PD1/pdf/m/n on input line 17.
LaTeX Font Info:    ... okay on input line 17.
LaTeX Font Info:    Checking defaults for PU/pdf/m/n on input line 17.
LaTeX Font Info:    ... okay on input line 17.

(/usr/share/texlive/texmf-dist/tex/context/base/mkii/supp-pdf.mkii
[Loading MPS to PDF converter (version 2006.09.02).]
\scratchcounter=\count317
\scratchdimen=\dimen187
\scratchbox=\box56
\nofMPsegments=\count318
\nofMParguments=\count319
\everyMPshowfont=\toks31
\MPscratchCnt=\count320
\MPscratchDim=\dimen188
\MPnumerator=\count321
\makeMPintoPDFobject=\count322
\everyMPtoPDFconversion=\toks32
) (/usr/share/texlive/texmf-dist/tex/latex/epstopdf-pkg/epstopdf-base.sty
Package: epstopdf-base 2020-01-24 v2.11 Base part for package epstopdf
Package epstopdf-base Info: Redefining graphics rule for `.eps' on input line 4
85.

(/usr/share/texlive/texmf-dist/tex/latex/latexconfig/epstopdf-sys.cfg
File: epstopdf-sys.cfg 2010/07/13 v1.3 Configuration of (r)epstopdf for TeX Liv
e
))
Package hyperref Info: Link coloring OFF on input line 17.

(./main.out) (./main.out)
\@outlinefile=\write3
\openout3 = `main.out'.

LaTeX Font Info:    Trying to load font information for U+msa on input line 22.


(/usr/share/texlive/texmf-dist/tex/latex/amsfonts/umsa.fd
File: umsa.fd 2013/01/14 v3.01 AMS symbols A
)
LaTeX Font Info:    Trying to load font information for U+msb on input line 22.


(/usr/share/texlive/texmf-dist/tex/latex/amsfonts/umsb.fd
File: umsb.fd 2013/01/14 v3.01 AMS symbols B
)

Package natbib Warning: Citation `brodie2026' on page 1 undefined on input line
 32.


Package natbib Warning: Citation `hqiv-lean' on page 1 undefined on input line 
32.


Package natbib Warning: Citation `hqiv-lean' on page 1 undefined on input line 
32.

[1

{/var/lib/texmf/fonts/map/pdftex/updmap/pdftex.map}{/usr/share/texmf/fonts/enc/
dvips/cm-super/cm-super-ts1.enc}]

Package natbib Warning: Citation `hqiv-lean' on page 2 undefined on input line 
35.


Underfull \hbox (badness 1097) in paragraph at lines 34--36
\OT1/cmr/m/n/10.95 gle-ment monogamy), the QCD con-fine-ment scale, and the ob-

 []


LaTeX Warning: Reference `app:horizon-action' on page 2 undefined on input line
 53.

[2]

Package natbib Warning: Citation `brodie2026' on page 3 undefined on input line
 72.


Package natbib Warning: Citation `Jacobson1995' on page 3 undefined on input li
ne 72.


Package natbib Warning: Citation `hqiv-lean' on page 3 undefined on input line 
79.

[3]

Package natbib Warning: Citation `brodie2026' on page 4 undefined on input line
 87.


Package natbib Warning: Citation `brodie2026' on page 4 undefined on input line
 95.


Package natbib Warning: Citation `Jacobson1995' on page 4 undefined on input li
ne 97.


Package natbib Warning: Citation `Jacobson1995' on page 4 undefined on input li
ne 97.


Package natbib Warning: Citation `brodie2026' on page 4 undefined on input line
 99.

[4]

Package natbib Warning: Citation `brodie2026' on page 5 undefined on input line
 105.


Package natbib Warning: Citation `Jacobson1995' on page 5 undefined on input li
ne 105.


Package natbib Warning: Citation `mueller2026' on page 5 undefined on input lin
e 105.


Package natbib Warning: Citation `Schuller2020' on page 5 undefined on input li
ne 107.

[5]

LaTeX Warning: Reference `sec:multi-observer' on page 6 undefined on input line
 119.


Package natbib Warning: Citation `brodie2026' on page 6 undefined on input line
 121.


Package natbib Warning: Citation `brodie2026' on page 6 undefined on input line
 129.


Package natbib Warning: Citation `Jacobson1995' on page 6 undefined on input li
ne 131.

[6]

Package natbib Warning: Citation `brodie2026' on page 7 undefined on input line
 151.

[7]
Underfull \hbox (badness 2334) in paragraph at lines 168--170
\OT1/cmr/m/n/12 This phase fiber car-ries the in-for-ma-tional cut-off and enta
nglement-
 []


Underfull \hbox (badness 4595) in paragraph at lines 177--178
 []\OT1/cmr/bx/n/12 Geometric route.[] \OT1/cmr/m/n/12 Maxwell's macro-scopic e
qua-tions, sub-jected to
 []

[8]

LaTeX Warning: Reference `app:adm' on page 9 undefined on input line 190.


Underfull \hbox (badness 2042) in paragraph at lines 202--202
[]\OT1/cmr/bx/n/14.4 Geometric Con-struc-tion: Phase-Horizon Cor-
 []

[9] [10]

Package natbib Warning: Citation `hqiv-lean' on page 11 undefined on input line
 250.

LaTeX Font Info:    Trying to load font information for U+euf on input line 269
.
(/usr/share/texlive/texmf-dist/tex/latex/amsfonts/ueuf.fd
File: ueuf.fd 2013/01/14 v3.01 Euler Fraktur
) [11]

Package natbib Warning: Citation `Gunaydin1974' on page 12 undefined on input l
ine 282.


Package natbib Warning: Citation `Gunaydin1975' on page 12 undefined on input l
ine 282.


Package natbib Warning: Citation `Okubo1978' on page 12 undefined on input line
 282.


Package natbib Warning: Citation `Dixon1994' on page 12 undefined on input line
 282.


Package natbib Warning: Citation `Toppan2021' on page 12 undefined on input lin
e 282.

[12]
Underfull \hbox (badness 1400) in paragraph at lines 301--301
[]\OT1/cmr/bx/n/12 Derivation of Lin-ear Con-fine-ment from Phase-Horizon
 []


LaTeX Warning: Reference `app:so8-closure' on page 13 undefined on input line 3
30.

[13]

LaTeX Warning: Reference `app:curvature-norm' on page 14 undefined on input lin
e 342.

[14] [15] [16]

Package natbib Warning: Citation `hqiv-lean' on page 17 undefined on input line
 419.


Package natbib Warning: Citation `hqiv-lean' on page 17 undefined on input line
 419.


Underfull \hbox (badness 10000) in paragraph at lines 424--425
[]\OT1/cmr/m/n/10.95 QCD shell + phe-
 []


Package natbib Warning: Citation `hqiv-lean' on page 17 undefined on input line
 425.


Overfull \hbox (29.27455pt too wide) in paragraph at lines 425--426
[]\OT1/cmtt/m/n/10.95 omega[]k[]from[]shell[]integral
 []


Underfull \hbox (badness 2237) in paragraph at lines 426--427
[]\OT1/cmr/m/n/10.95 Colour flux tube with
 []

LaTeX Font Info:    Font shape `OT1/cmtt/bx/n' in size <12> not available
(Font)              Font shape `OT1/cmtt/m/n' tried instead on input line 433.

Underfull \hbox (badness 10000) in paragraph at lines 447--447
[]$\OT1/cmr/m/n/10.95 (1\OML/cmm/m/it/10.95 :\OT1/cmr/m/n/10.95 4[]4\OML/cmm/m/
it/10.95 :\OT1/cmr/m/n/10.95 8) \OMS/cmsy/m/n/10.95 ^^B
 []


Underfull \hbox (badness 10000) in paragraph at lines 448--448
[]$\OT1/cmr/m/n/10.95 7\OML/cmm/m/it/10.95 :\OT1/cmr/m/n/10.95 41 \OMS/cmsy/m/n
/10.95 ^^B \OT1/cmr/m/n/10.95 10[]$,
 []


Package natbib Warning: Citation `hqiv-lean' on page 17 undefined on input line
 449.


Underfull \hbox (badness 10000) in paragraph at lines 449--450
[]\OT1/cmr/m/n/10.95 NuFIT bench-mark;
 []


Package natbib Warning: Citation `hqiv-lean' on page 17 undefined on input line
 450.


Underfull \hbox (badness 10000) in paragraph at lines 450--451
[]\OT1/cmtt/m/n/10.95 m[]nu[]*[]derived\OT1/cmr/m/n/10.95 ,
 []


Overfull \hbox (109.0081pt too wide) in paragraph at lines 450--451
\OT1/cmtt/m/n/10.95 m[]nu[]e[]derived[]eq[]T[]lockin[]outer[]surfaces
 []

[17]

LaTeX Warning: Reference `app:so8-closure' on page 18 undefined on input line 4
58.

[18]
Underfull \hbox (badness 2538) in paragraph at lines 498--499
[]\OT1/cmr/bx/n/12 Inner meta-horizon lad-der (quarks)\OT1/cmr/m/n/12 : top bir
th res-o-nance
 []


Underfull \hbox (badness 1242) in paragraph at lines 498--499
\OT1/cmr/m/n/12 at $\OML/cmm/m/it/12 T[]\OT1/cmr/m/n/12 ([]) = []$ $\OMS/cmsy/m
/n/12 !$ \OT1/cmr/m/n/12 two res-o-nance ex-pan-sions $\OMS/cmsy/m/n/12 !$
 []


Package natbib Warning: Citation `hqiv-lean' on page 19 undefined on input line
 502.


Underfull \hbox (badness 2409) in paragraph at lines 502--503
 []\OT1/cmr/bx/n/12 Lean align-ment.[] \OT1/cmr/m/n/12 The clean-est outer-hori
zon wit-ness layer is now
 []


Underfull \hbox (badness 10000) in paragraph at lines 502--503
\OT1/cmr/m/n/12 for-malised in \OT1/cmtt/m/n/12 Hqiv/Physics/DerivedGaugeAndLep
tonSector.lean\OT1/cmr/m/n/12 :
 []


Underfull \hbox (badness 10000) in paragraph at lines 502--503
\OT1/cmtt/m/n/12 electroweakShell = referenceM + 1\OT1/cmr/m/n/12 , \OT1/cmtt/m
/n/12 vacuumExpectationValue\OT1/cmr/m/n/12 ,
 []


Underfull \hbox (badness 10000) in paragraph at lines 502--503
\OT1/cmtt/m/n/12 M[]W[]derived\OT1/cmr/m/n/12 , \OT1/cmtt/m/n/12 M[]Z[]derived\
OT1/cmr/m/n/12 , and \OT1/cmtt/m/n/12 m[]nu[]e[]derived \OT1/cmr/m/n/12 are all
 ex-plicit
 []


Underfull \hbox (badness 10000) in paragraph at lines 502--503
\OT1/cmr/m/n/12 func-tions of \OT1/cmtt/m/n/12 referenceM\OT1/cmr/m/n/12 , \OT1
/cmtt/m/n/12 T[]lockin\OT1/cmr/m/n/12 , and ad-ja-cent outer-horizon
 []


Underfull \hbox (badness 7081) in paragraph at lines 502--503
\OT1/cmr/m/n/12 sur-faces. Charged-lepton shell or-der-ing is for-malised sep-a
-rately
 []


Underfull \hbox (badness 10000) in paragraph at lines 502--503
\OT1/cmr/m/n/12 in \OT1/cmtt/m/n/12 Hqiv/Physics/LeptonGenerationLockin.lean\OT
1/cmr/m/n/12 : $\OML/cmm/m/it/12 ^^\$ \OT1/cmr/m/n/12 is fixed at
 []


Underfull \hbox (badness 2970) in paragraph at lines 502--503
\OT1/cmtt/m/n/12 referenceM\OT1/cmr/m/n/12 , while the cur-rent $\OML/cmm/m/it/
12 ^^V=e$ \OT1/cmr/m/n/12 shells are car-ried by a pro-vi-
 []


Underfull \hbox (badness 10000) in paragraph at lines 502--503
\OT1/cmr/m/n/12 sional \OT1/cmtt/m/n/12 OuterHorizonLeptonShellSelection \OT1/c
mr/m/n/12 wit-ness con-sumed by
 []


Underfull \hbox (badness 3668) in paragraph at lines 502--503
\OT1/cmtt/m/n/12 Hqiv/Physics/ChargedLeptonResonance.lean\OT1/cmr/m/n/12 . The 
quark top sits
 []


Underfull \hbox (badness 1259) in paragraph at lines 502--503
\OT1/cmr/m/n/12 at lock-in \OT1/cmtt/m/n/12 referenceM \OT1/cmr/m/n/12 with \OT
1/cmtt/m/n/12 m[]top[]at[]lockin \OT1/cmr/m/n/12 and lad-der tem-per-a-ture
 []

[19]
Underfull \hbox (badness 10000) in paragraph at lines 506--507
[]\OT1/cmr/m/n/12 Anomaly co-ef-fi-cients can-cel au-to-mat-i-cally un-der
 []


Underfull \hbox (badness 10000) in paragraph at lines 506--507
[]\OT1/cmr/m/n/12 (8)$ tri-al-ity for the three gen-er-a-tions (ver-i-fied in
 []


Underfull \hbox (badness 10000) in paragraph at lines 506--507
\OT1/cmtt/m/n/12 OctonionHQIVAlgebra.check[]triality[]anomalies() \OT1/cmr/m/n/
12 in
 []


Overfull \hbox (59.01015pt too wide) detected at line 511
[]\OT1/cmr/m/n/12 (8)  []  \OML/cmm/m/it/12 G[] \OMS/cmsy/m/n/12 ^^B \OT1/cmr/m
/n/12 U(1)[]  []  [](3)[] \OMS/cmsy/m/n/12 ^^B []\OT1/cmr/m/n/12 (2)[] \OMS/cms
y/m/n/12 ^^B \OT1/cmr/m/n/12 U(1)[]\OML/cmm/m/it/12 :
 []


LaTeX Warning: Reference `app:horizon-action' on page 20 undefined on input lin
e 518.


Package natbib Warning: Citation `hqiv-lean' on page 20 undefined on input line
 523.

[20]
Underfull \hbox (badness 10000) in paragraph at lines 529--531
\OT1/cmr/m/n/12 (\OT1/cmtt/m/n/12 curvatureDensity \OT1/cmr/m/n/12 in \OT1/cmtt
/m/n/12 Hqiv/Geometry/OctonionicLightCone.lean\OT1/cmr/m/n/12 ).
 []


Package natbib Warning: Citation `hqiv-lean' on page 21 undefined on input line
 538.


Package natbib Warning: Citation `hqiv-lean' on page 21 undefined on input line
 544.


Package natbib Warning: Citation `hqiv-lean' on page 21 undefined on input line
 554.


Overfull \hbox (6.50519pt too wide) detected at line 557
[] []\OML/cmm/m/it/12 m \OMS/cmsy/m/n/12 7! [][] [] \OT1/cmr/m/n/12 (\OMS/cmsy/
m/n/12 N \OT1/cmr/m/n/12 (4 : \U/msb/m/n/12 R\OT1/cmr/m/n/12 ))\OML/cmm/m/it/12
 ;
 []


Package natbib Warning: Citation `hqiv-lean' on page 21 undefined on input line
 558.


Underfull \hbox (badness 3333) in paragraph at lines 557--559
\OT1/cmr/m/n/12 i.e. the ra-tio tends to $4$ in the usual neigh-bor-hood fil-te
r on $\U/msb/m/n/12 R$
 []


Underfull \hbox (badness 10000) in paragraph at lines 561--562
 []\OT1/cmr/bx/n/12 Real an-a-lyt-ic-ity of the ADM/HQVM lapse
 []


Underfull \hbox (badness 10000) in paragraph at lines 561--562
\OT1/cmr/bx/n/12 (\OT1/cmtt/m/n/12 Hqiv/Geometry/HQVMetricAnalytic.lean\OT1/cmr
/bx/n/12 ).[] \OT1/cmr/m/n/12 The lapse is fixed by
 []


Package natbib Warning: Citation `hqiv-lean' on page 21 undefined on input line
 565.


Underfull \hbox (badness 10000) in paragraph at lines 564--566
\OT1/cmr/m/n/12 (\OT1/cmtt/m/n/12 HQVMetric.lean\OT1/cmr/m/n/12 ). All real-ana
lyticity proofs be-low live in
 []


Underfull \hbox (badness 10000) in paragraph at lines 564--566
\OT1/cmtt/m/n/12 HQVMetricAnalytic.lean \OT1/cmr/m/n/12 (\OT1/cmr/bx/n/12 ?\OT1
/cmr/m/n/12 ) and use Math-lib's \OT1/cmtt/m/n/12 AnalyticAt
 []


Underfull \hbox (badness 5147) in paragraph at lines 564--566
\OT1/cmr/m/n/12 / \OT1/cmtt/m/n/12 AnalyticOnNhd \OT1/cmr/m/n/12 API (no new ax
-ioms). The tu-ple pack-ag-ing
 []


Underfull \hbox (badness 10000) in paragraph at lines 564--566
\OT1/cmtt/m/n/12 HQVM[]lapseTuple \OT1/cmr/m/n/12 sat-is-fies \OT1/cmtt/m/n/12 
HQVM[]lapse[]eq[]tuple\OT1/cmr/m/n/12 ; joint an-a-lyt-ic-
 []


Underfull \hbox (badness 1776) in paragraph at lines 564--566
\OT1/cmr/m/n/12 ity is \OT1/cmtt/m/n/12 analyticAt[]HQVM[]lapseTuple \OT1/cmr/m
/n/12 at ev-ery $\OML/cmm/m/it/12 z \OMS/cmsy/m/n/12 2 \U/msb/m/n/12 R[]$ \OT1/
cmr/m/n/12 and glob-ally
 []


Underfull \hbox (badness 1681) in paragraph at lines 564--566
[]\OT1/cmr/m/n/12 (^^B) = []\OML/cmm/m/it/12 =\OT1/cmr/m/n/12 ^^B$ (\OT1/cmtt/m
/n/12 AuxiliaryField.lean\OT1/cmr/m/n/12 ; co-
 []

[21]

Package natbib Warning: Citation `hqiv-lean' on page 22 undefined on input line
 567.


LaTeX Warning: Reference `sec:ym-hqiv' on page 22 undefined on input line 567.


LaTeX Warning: Reference `sec:ym-hqiv' on page 22 undefined on input line 567.


Underfull \hbox (badness 1590) in paragraph at lines 571--572
\OT1/cmr/m/n/12 At lab-o-ra-tory and atomic scales $\OML/cmm/m/it/12 ^^^[]$ \OT
1/cmr/m/n/12 is heav-ily sup-pressed by the
 []

[22]
Underfull \hbox (badness 2635) in paragraph at lines 576--578
[]\OT1/cmr/m/n/12 **Muon anoma-lous mag-netic mo-ment:** At the muon scale ($\O
MS/cmsy/m/n/12 ^^X
 []

[23]

Package natbib Warning: Citation `Schuller2020' on page 24 undefined on input l
ine 650.


Package natbib Warning: Citation `Gunaydin1974' on page 24 undefined on input l
ine 650.


Package natbib Warning: Citation `Gunaydin1975' on page 24 undefined on input l
ine 650.


Package natbib Warning: Citation `Okubo1978' on page 24 undefined on input line
 650.


Package natbib Warning: Citation `Dixon1994' on page 24 undefined on input line
 650.


Package natbib Warning: Citation `Toppan2021' on page 24 undefined on input lin
e 650.

[24]

LaTeX Warning: Reference `app:horizon-action' on page 25 undefined on input lin
e 671.

[25] [26]
Underfull \hbox (badness 10000) in paragraph at lines 710--710
[]\OT1/cmr/m/n/10.95 Electron $\OML/cmm/m/it/10.95 a[]$
 []

[27] [28]

Package natbib Warning: Citation `brodie2026' on page 29 undefined on input lin
e 757.


Package natbib Warning: Citation `hqiv-lean' on page 29 undefined on input line
 758.


Underfull \hbox (badness 1189) in paragraph at lines 772--772
[]\OT1/cmr/bx/n/14.4 Baryogenesis Win-dow from HQVM + Phase-
 []

[29] [30]
Underfull \hbox (badness 10000) in paragraph at lines 809--811
\OT1/cmr/m/n/12 where $\OML/cmm/m/it/12 dN[]=dN[]$ \OT1/cmr/m/n/12 in-cor-po-ra
tes the ge-o-met-ric bias, vor-tic-ity, and
 []


LaTeX Warning: Reference `fig:ensemble-eta' on page 31 undefined on input line 
814.


Underfull \hbox (badness 2753) in paragraph at lines 843--844
 []\OT1/cmr/bx/n/12 CLASS im-ple-men-ta-tion note.[] \OT1/cmr/m/n/12 In the eme
rgent-lattice mode set
 []

[31] [32]

Package natbib Warning: Citation `hqiv_repo' on page 33 undefined on input line
 871.


LaTeX Warning: Reference `tab:class-results' on page 33 undefined on input line
 875.


Underfull \hbox (badness 10000) in paragraph at lines 888--888
[]\OT1/cmr/m/n/10.95 Global age (wall-
 []


Underfull \hbox (badness 10000) in paragraph at lines 890--890
[]\OT1/cmr/m/n/10.95 Apparent look-back
 []


Underfull \hbox (badness 1917) in paragraph at lines 901--901
[]\OT1/cmr/bx/n/17.28 Quantitative Deriva-tion of the Baryon
 []

[33]

Package natbib Warning: Citation `hqiv-lean' on page 34 undefined on input line
 914.

[34]

Package natbib Warning: Citation `brodie2026' on page 35 undefined on input lin
e 926.


Package natbib Warning: Citation `hqiv-lean' on page 35 undefined on input line
 926.

[35]

LaTeX Warning: File `ensemble_eta_dist.png' not found on input line 943.


! Package pdftex.def Error: File `ensemble_eta_dist.png' not found: using draft
 setting.

See the pdftex.def package documentation for explanation.
Type  H <return>  for immediate help.
 ...                                              
                                                  
l.943 ...dth=0.9\textwidth]{ensemble_eta_dist.png}
                                                  
Try typing  <return>  to proceed.
If that doesn't work, type  X <return>  to quit.

 
Here is how much of TeX's memory you used:
 11619 strings out of 467533
 174751 string characters out of 5422138
 598747 words of memory out of 5000000
 40268 multiletter control sequences out of 15000+600000
 645431 words of font info for 108 fonts, out of 8000000 for 9000
 1141 hyphenation exceptions out of 8191
 75i,16n,79p,1376b,553s stack positions out of 10000i,1000n,20000p,200000b,200000s
!  ==> Fatal error occurred, no output PDF file produced!
