This is pdfTeX, Version 3.141592653-2.6-1.40.25 (TeX Live 2023/Debian) (preloaded format=pdflatex 2026.2.28)  18 APR 2026 05:08
entering extended mode
 restricted \write18 enabled.
 %&-line parsing enabled.
**mainold.tex
(./mainold.tex
LaTeX2e <2023-11-01> patch level 1
L3 programming layer <2024-01-22>
(/usr/share/texlive/texmf-dist/tex/latex/base/article.cls
Document Class: article 2023/05/17 v1.4n Standard LaTeX document class
(/usr/share/texlive/texmf-dist/tex/latex/base/size12.clo
File: size12.clo 2023/05/17 v1.4n Standard LaTeX file (size option)
)
\c@part=\count187
\c@section=\count188
\c@subsection=\count189
\c@subsubsection=\count190
\c@paragraph=\count191
\c@subparagraph=\count192
\c@figure=\count193
\c@table=\count194
\abovecaptionskip=\skip48
\belowcaptionskip=\skip49
\bibindent=\dimen140
)
(/usr/share/texlive/texmf-dist/tex/latex/base/inputenc.sty
Package: inputenc 2021/02/14 v1.3d Input encoding file
\inpenc@prehook=\toks17
\inpenc@posthook=\toks18
)
(/usr/share/texlive/texmf-dist/tex/latex/amsmath/amsmath.sty
Package: amsmath 2023/05/13 v2.17o AMS math features
\@mathmargin=\skip50

For additional information on amsmath, use the `?' option.
(/usr/share/texlive/texmf-dist/tex/latex/amsmath/amstext.sty
Package: amstext 2021/08/26 v2.01 AMS text

(/usr/share/texlive/texmf-dist/tex/latex/amsmath/amsgen.sty
File: amsgen.sty 1999/11/30 v2.0 generic functions
\@emptytoks=\toks19
\ex@=\dimen141
))
(/usr/share/texlive/texmf-dist/tex/latex/amsmath/amsbsy.sty
Package: amsbsy 1999/11/29 v1.2d Bold Symbols
\pmbraise@=\dimen142
)
(/usr/share/texlive/texmf-dist/tex/latex/amsmath/amsopn.sty
Package: amsopn 2022/04/08 v2.04 operator names
)
\inf@bad=\count195
LaTeX Info: Redefining \frac on input line 234.
\uproot@=\count196
\leftroot@=\count197
LaTeX Info: Redefining \overline on input line 399.
LaTeX Info: Redefining \colon on input line 410.
\classnum@=\count198
\DOTSCASE@=\count199
LaTeX Info: Redefining \ldots on input line 496.
LaTeX Info: Redefining \dots on input line 499.
LaTeX Info: Redefining \cdots on input line 620.
\Mathstrutbox@=\box51
\strutbox@=\box52
LaTeX Info: Redefining \big on input line 722.
LaTeX Info: Redefining \Big on input line 723.
LaTeX Info: Redefining \bigg on input line 724.
LaTeX Info: Redefining \Bigg on input line 725.
\big@size=\dimen143
LaTeX Font Info:    Redeclaring font encoding OML on input line 743.
LaTeX Font Info:    Redeclaring font encoding OMS on input line 744.
\macc@depth=\count266
LaTeX Info: Redefining \bmod on input line 905.
LaTeX Info: Redefining \pmod on input line 910.
LaTeX Info: Redefining \smash on input line 940.
LaTeX Info: Redefining \relbar on input line 970.
LaTeX Info: Redefining \Relbar on input line 971.
\c@MaxMatrixCols=\count267
\dotsspace@=\muskip16
\c@parentequation=\count268
\dspbrk@lvl=\count269
\tag@help=\toks20
\row@=\count270
\column@=\count271
\maxfields@=\count272
\andhelp@=\toks21
\eqnshift@=\dimen144
\alignsep@=\dimen145
\tagshift@=\dimen146
\tagwidth@=\dimen147
\totwidth@=\dimen148
\lineht@=\dimen149
\@envbody=\toks22
\multlinegap=\skip51
\multlinetaggap=\skip52
\mathdisplay@stack=\toks23
LaTeX Info: Redefining \[ on input line 2953.
LaTeX Info: Redefining \] on input line 2954.
)
(/usr/share/texlive/texmf-dist/tex/latex/amsfonts/amssymb.sty
Package: amssymb 2013/01/14 v3.01 AMS font symbols

(/usr/share/texlive/texmf-dist/tex/latex/amsfonts/amsfonts.sty
Package: amsfonts 2013/01/14 v3.01 Basic AMSFonts support
\symAMSa=\mathgroup4
\symAMSb=\mathgroup5
LaTeX Font Info:    Redeclaring math symbol \hbar on input line 98.
LaTeX Font Info:    Overwriting math alphabet `\mathfrak' in version `bold'
(Font)                  U/euf/m/n --> U/euf/b/n on input line 106.
))
(/usr/share/texlive/texmf-dist/tex/latex/amscls/amsthm.sty
Package: amsthm 2020/05/29 v2.20.6
\thm@style=\toks24
\thm@bodyfont=\toks25
\thm@headfont=\toks26
\thm@notefont=\toks27
\thm@headpunct=\toks28
\thm@preskip=\skip53
\thm@postskip=\skip54
\thm@headsep=\skip55
\dth@everypar=\toks29
)
(/usr/share/texlive/texmf-dist/tex/latex/mathtools/mathtools.sty
Package: mathtools 2022/06/29 v1.29 mathematical typesetting tools

(/usr/share/texlive/texmf-dist/tex/latex/graphics/keyval.sty
Package: keyval 2022/05/29 v1.15 key=value parser (DPC)
\KV@toks@=\toks30
)
(/usr/share/texlive/texmf-dist/tex/latex/tools/calc.sty
Package: calc 2023/07/08 v4.3 Infix arithmetic (KKT,FJ)
\calc@Acount=\count273
\calc@Bcount=\count274
\calc@Adimen=\dimen150
\calc@Bdimen=\dimen151
\calc@Askip=\skip56
\calc@Bskip=\skip57
LaTeX Info: Redefining \setlength on input line 80.
LaTeX Info: Redefining \addtolength on input line 81.
\calc@Ccount=\count275
\calc@Cskip=\skip58
)
(/usr/share/texlive/texmf-dist/tex/latex/mathtools/mhsetup.sty
Package: mhsetup 2021/03/18 v1.4 programming setup (MH)
)
\g_MT_multlinerow_int=\count276
\l_MT_multwidth_dim=\dimen152
\origjot=\skip59
\l_MT_shortvdotswithinadjustabove_dim=\dimen153
\l_MT_shortvdotswithinadjustbelow_dim=\dimen154
\l_MT_above_intertext_sep=\dimen155
\l_MT_below_intertext_sep=\dimen156
\l_MT_above_shortintertext_sep=\dimen157
\l_MT_below_shortintertext_sep=\dimen158
\xmathstrut@box=\box53
\xmathstrut@dim=\dimen159
)
(/usr/share/texlive/texmf-dist/tex/latex/physics/physics.sty
Package: physics 

(/usr/share/texlive/texmf-dist/tex/latex/l3packages/xparse/xparse.sty
(/usr/share/texlive/texmf-dist/tex/latex/l3kernel/expl3.sty
Package: expl3 2024-01-22 L3 programming layer (loader) 

(/usr/share/texlive/texmf-dist/tex/latex/l3backend/l3backend-pdftex.def
File: l3backend-pdftex.def 2024-01-04 L3 backend support: PDF output (pdfTeX)
\l__color_backend_stack_int=\count277
\l__pdf_internal_box=\box54
))
Package: xparse 2023-10-10 L3 Experimental document command parser
))
(/usr/share/texlive/texmf-dist/tex/latex/graphics/graphicx.sty
Package: graphicx 2021/09/16 v1.2d Enhanced LaTeX Graphics (DPC,SPQR)

(/usr/share/texlive/texmf-dist/tex/latex/graphics/graphics.sty
Package: graphics 2022/03/10 v1.4e Standard LaTeX Graphics (DPC,SPQR)

(/usr/share/texlive/texmf-dist/tex/latex/graphics/trig.sty
Package: trig 2021/08/11 v1.11 sin cos tan (DPC)
)
(/usr/share/texlive/texmf-dist/tex/latex/graphics-cfg/graphics.cfg
File: graphics.cfg 2016/06/04 v1.11 sample graphics configuration
)
Package graphics Info: Driver file: pdftex.def on input line 107.

(/usr/share/texlive/texmf-dist/tex/latex/graphics-def/pdftex.def
File: pdftex.def 2022/09/22 v1.2b Graphics/color driver for pdftex
))
\Gin@req@height=\dimen160
\Gin@req@width=\dimen161
)
(/usr/share/texlive/texmf-dist/tex/latex/hyperref/hyperref.sty
Package: hyperref 2024-01-20 v7.01h Hypertext links for LaTeX

(/usr/share/texlive/texmf-dist/tex/generic/iftex/iftex.sty
Package: iftex 2022/02/03 v1.0f TeX engine tests
)
(/usr/share/texlive/texmf-dist/tex/latex/kvsetkeys/kvsetkeys.sty
Package: kvsetkeys 2022-10-05 v1.19 Key value parser (HO)
)
(/usr/share/texlive/texmf-dist/tex/generic/kvdefinekeys/kvdefinekeys.sty
Package: kvdefinekeys 2019-12-19 v1.6 Define keys (HO)
)
(/usr/share/texlive/texmf-dist/tex/generic/pdfescape/pdfescape.sty
Package: pdfescape 2019/12/09 v1.15 Implements pdfTeX's escape features (HO)

(/usr/share/texlive/texmf-dist/tex/generic/ltxcmds/ltxcmds.sty
Package: ltxcmds 2023-12-04 v1.26 LaTeX kernel commands for general use (HO)
)
(/usr/share/texlive/texmf-dist/tex/generic/pdftexcmds/pdftexcmds.sty
Package: pdftexcmds 2020-06-27 v0.33 Utility functions of pdfTeX for LuaTeX (HO
)

(/usr/share/texlive/texmf-dist/tex/generic/infwarerr/infwarerr.sty
Package: infwarerr 2019/12/03 v1.5 Providing info/warning/error messages (HO)
)
Package pdftexcmds Info: \pdf@primitive is available.
Package pdftexcmds Info: \pdf@ifprimitive is available.
Package pdftexcmds Info: \pdfdraftmode found.
))
(/usr/share/texlive/texmf-dist/tex/latex/hycolor/hycolor.sty
Package: hycolor 2020-01-27 v1.10 Color options for hyperref/bookmark (HO)
)
(/usr/share/texlive/texmf-dist/tex/latex/auxhook/auxhook.sty
Package: auxhook 2019-12-17 v1.6 Hooks for auxiliary files (HO)
)
(/usr/share/texlive/texmf-dist/tex/latex/hyperref/nameref.sty
Package: nameref 2023-11-26 v2.56 Cross-referencing by name of section

(/usr/share/texlive/texmf-dist/tex/latex/refcount/refcount.sty
Package: refcount 2019/12/15 v3.6 Data extraction from label references (HO)
)
(/usr/share/texlive/texmf-dist/tex/generic/gettitlestring/gettitlestring.sty
Package: gettitlestring 2019/12/15 v1.6 Cleanup title references (HO)

(/usr/share/texlive/texmf-dist/tex/latex/kvoptions/kvoptions.sty
Package: kvoptions 2022-06-15 v3.15 Key value format for package options (HO)
))
\c@section@level=\count278
)
(/usr/share/texlive/texmf-dist/tex/latex/etoolbox/etoolbox.sty
Package: etoolbox 2020/10/05 v2.5k e-TeX tools for LaTeX (JAW)
\etb@tempcnta=\count279
)
\@linkdim=\dimen162
\Hy@linkcounter=\count280
\Hy@pagecounter=\count281

(/usr/share/texlive/texmf-dist/tex/latex/hyperref/pd1enc.def
File: pd1enc.def 2024-01-20 v7.01h Hyperref: PDFDocEncoding definition (HO)
Now handling font encoding PD1 ...
... no UTF-8 mapping file for font encoding PD1
)
(/usr/share/texlive/texmf-dist/tex/generic/intcalc/intcalc.sty
Package: intcalc 2019/12/15 v1.3 Expandable calculations with integers (HO)
)
\Hy@SavedSpaceFactor=\count282

(/usr/share/texlive/texmf-dist/tex/latex/hyperref/puenc.def
File: puenc.def 2024-01-20 v7.01h Hyperref: PDF Unicode definition (HO)
Now handling font encoding PU ...
... no UTF-8 mapping file for font encoding PU
)
Package hyperref Info: Hyper figures OFF on input line 4179.
Package hyperref Info: Link nesting OFF on input line 4184.
Package hyperref Info: Hyper index ON on input line 4187.
Package hyperref Info: Plain pages OFF on input line 4194.
Package hyperref Info: Backreferencing OFF on input line 4199.
Package hyperref Info: Implicit mode ON; LaTeX internals redefined.
Package hyperref Info: Bookmarks ON on input line 4446.
\c@Hy@tempcnt=\count283

(/usr/share/texlive/texmf-dist/tex/latex/url/url.sty
\Urlmuskip=\muskip17
Package: url 2013/09/16  ver 3.4  Verb mode for urls, etc.
)
LaTeX Info: Redefining \url on input line 4784.
\XeTeXLinkMargin=\dimen163

(/usr/share/texlive/texmf-dist/tex/generic/bitset/bitset.sty
Package: bitset 2019/12/09 v1.3 Handle bit-vector datatype (HO)

(/usr/share/texlive/texmf-dist/tex/generic/bigintcalc/bigintcalc.sty
Package: bigintcalc 2019/12/15 v1.5 Expandable calculations on big integers (HO
)
))
\Fld@menulength=\count284
\Field@Width=\dimen164
\Fld@charsize=\dimen165
Package hyperref Info: Hyper figures OFF on input line 6063.
Package hyperref Info: Link nesting OFF on input line 6068.
Package hyperref Info: Hyper index ON on input line 6071.
Package hyperref Info: backreferencing OFF on input line 6078.
Package hyperref Info: Link coloring OFF on input line 6083.
Package hyperref Info: Link coloring with OCG OFF on input line 6088.
Package hyperref Info: PDF/A mode OFF on input line 6093.

(/usr/share/texlive/texmf-dist/tex/latex/base/atbegshi-ltx.sty
Package: atbegshi-ltx 2021/01/10 v1.0c Emulation of the original atbegshi
package with kernel methods
)
\Hy@abspage=\count285
\c@Item=\count286
\c@Hfootnote=\count287
)
Package hyperref Info: Driver (autodetected): hpdftex.

(/usr/share/texlive/texmf-dist/tex/latex/hyperref/hpdftex.def
File: hpdftex.def 2024-01-20 v7.01h Hyperref driver for pdfTeX

(/usr/share/texlive/texmf-dist/tex/latex/base/atveryend-ltx.sty
Package: atveryend-ltx 2020/08/19 v1.0a Emulation of the original atveryend pac
kage
with kernel methods
)
\Fld@listcount=\count288
\c@bookmark@seq@number=\count289

(/usr/share/texlive/texmf-dist/tex/latex/rerunfilecheck/rerunfilecheck.sty
Package: rerunfilecheck 2022-07-10 v1.10 Rerun checks for auxiliary files (HO)

(/usr/share/texlive/texmf-dist/tex/generic/uniquecounter/uniquecounter.sty
Package: uniquecounter 2019/12/15 v1.4 Provide unlimited unique counter (HO)
)
Package uniquecounter Info: New unique counter `rerunfilecheck' on input line 2
85.
)
\Hy@SectionHShift=\skip60
)
(/usr/share/texlive/texmf-dist/tex/latex/natbib/natbib.sty
Package: natbib 2010/09/13 8.31b (PWD, AO)
\bibhang=\skip61
\bibsep=\skip62
LaTeX Info: Redefining \cite on input line 694.
\c@NAT@ctr=\count290
)
(/usr/share/texlive/texmf-dist/tex/latex/booktabs/booktabs.sty
Package: booktabs 2020/01/12 v1.61803398 Publication quality tables
\heavyrulewidth=\dimen166
\lightrulewidth=\dimen167
\cmidrulewidth=\dimen168
\belowrulesep=\dimen169
\belowbottomsep=\dimen170
\aboverulesep=\dimen171
\abovetopsep=\dimen172
\cmidrulesep=\dimen173
\cmidrulekern=\dimen174
\defaultaddspace=\dimen175
\@cmidla=\count291
\@cmidlb=\count292
\@aboverulesep=\dimen176
\@belowrulesep=\dimen177
\@thisruleclass=\count293
\@lastruleclass=\count294
\@thisrulewidth=\dimen178
) (./mainold.aux)
\openout1 = `mainold.aux'.

LaTeX Font Info:    Checking defaults for OML/cmm/m/it on input line 17.
LaTeX Font Info:    ... okay on input line 17.
LaTeX Font Info:    Checking defaults for OMS/cmsy/m/n on input line 17.
LaTeX Font Info:    ... okay on input line 17.
LaTeX Font Info:    Checking defaults for OT1/cmr/m/n on input line 17.
LaTeX Font Info:    ... okay on input line 17.
LaTeX Font Info:    Checking defaults for T1/cmr/m/n on input line 17.
LaTeX Font Info:    ... okay on input line 17.
LaTeX Font Info:    Checking defaults for TS1/cmr/m/n on input line 17.
LaTeX Font Info:    ... okay on input line 17.
LaTeX Font Info:    Checking defaults for OMX/cmex/m/n on input line 17.
LaTeX Font Info:    ... okay on input line 17.
LaTeX Font Info:    Checking defaults for U/cmr/m/n on input line 17.
LaTeX Font Info:    ... okay on input line 17.
LaTeX Font Info:    Checking defaults for PD1/pdf/m/n on input line 17.
LaTeX Font Info:    ... okay on input line 17.
LaTeX Font Info:    Checking defaults for PU/pdf/m/n on input line 17.
LaTeX Font Info:    ... okay on input line 17.
(/usr/share/texlive/texmf-dist/tex/context/base/mkii/supp-pdf.mkii
[Loading MPS to PDF converter (version 2006.09.02).]
\scratchcounter=\count295
\scratchdimen=\dimen179
\scratchbox=\box55
\nofMPsegments=\count296
\nofMParguments=\count297
\everyMPshowfont=\toks31
\MPscratchCnt=\count298
\MPscratchDim=\dimen180
\MPnumerator=\count299
\makeMPintoPDFobject=\count300
\everyMPtoPDFconversion=\toks32
) (/usr/share/texlive/texmf-dist/tex/latex/epstopdf-pkg/epstopdf-base.sty
Package: epstopdf-base 2020-01-24 v2.11 Base part for package epstopdf
Package epstopdf-base Info: Redefining graphics rule for `.eps' on input line 4
85.

(/usr/share/texlive/texmf-dist/tex/latex/latexconfig/epstopdf-sys.cfg
File: epstopdf-sys.cfg 2010/07/13 v1.3 Configuration of (r)epstopdf for TeX Liv
e
))
Package hyperref Info: Link coloring OFF on input line 17.

(./mainold.out) (./mainold.out)
\@outlinefile=\write3
\openout3 = `mainold.out'.

LaTeX Font Info:    Trying to load font information for U+msa on input line 22.


(/usr/share/texlive/texmf-dist/tex/latex/amsfonts/umsa.fd
File: umsa.fd 2013/01/14 v3.01 AMS symbols A
)
LaTeX Font Info:    Trying to load font information for U+msb on input line 22.


(/usr/share/texlive/texmf-dist/tex/latex/amsfonts/umsb.fd
File: umsb.fd 2013/01/14 v3.01 AMS symbols B
)

Package natbib Warning: Citation `hqiv-lean' on page 1 undefined on input line 
32.

[1

{/var/lib/texmf/fonts/map/pdftex/updmap/pdftex.map}{/usr/share/texmf/fonts/enc/
dvips/cm-super/cm-super-ts1.enc}]

Package natbib Warning: Citation `hqiv-lean' on page 2 undefined on input line 
35.


Underfull \hbox (badness 1097) in paragraph at lines 34--36
\OT1/cmr/m/n/10.95 gle-ment monogamy), the QCD con-fine-ment scale, and the ob-

 []

[2]

Package natbib Warning: Citation `brodie2026' on page 3 undefined on input line
 72.


Package natbib Warning: Citation `Jacobson1995' on page 3 undefined on input li
ne 72.


Package natbib Warning: Citation `hqiv-lean' on page 3 undefined on input line 
79.

[3]

Package natbib Warning: Citation `brodie2026' on page 4 undefined on input line
 87.


Package natbib Warning: Citation `brodie2026' on page 4 undefined on input line
 95.


Package natbib Warning: Citation `Jacobson1995' on page 4 undefined on input li
ne 97.


Package natbib Warning: Citation `Jacobson1995' on page 4 undefined on input li
ne 97.


Package natbib Warning: Citation `brodie2026' on page 4 undefined on input line
 99.

[4]

Package natbib Warning: Citation `brodie2026' on page 5 undefined on input line
 105.


Package natbib Warning: Citation `Jacobson1995' on page 5 undefined on input li
ne 105.


Package natbib Warning: Citation `mueller2026' on page 5 undefined on input lin
e 105.


Package natbib Warning: Citation `Schuller2020' on page 5 undefined on input li
ne 107.

[5]

Package natbib Warning: Citation `brodie2026' on page 6 undefined on input line
 121.


Package natbib Warning: Citation `brodie2026' on page 6 undefined on input line
 129.


Package natbib Warning: Citation `Jacobson1995' on page 6 undefined on input li
ne 131.

[6]

Package natbib Warning: Citation `brodie2026' on page 7 undefined on input line
 151.

[7]
Underfull \hbox (badness 2334) in paragraph at lines 168--170
\OT1/cmr/m/n/12 This phase fiber car-ries the in-for-ma-tional cut-off and enta
nglement-
 []


Underfull \hbox (badness 4595) in paragraph at lines 177--178
 []\OT1/cmr/bx/n/12 Geometric route.[] \OT1/cmr/m/n/12 Maxwell's macro-scopic e
qua-tions, sub-jected to
 []

[8]
Underfull \hbox (badness 2042) in paragraph at lines 202--202
[]\OT1/cmr/bx/n/14.4 Geometric Con-struc-tion: Phase-Horizon Cor-
 []

[9] [10]

Package natbib Warning: Citation `hqiv-lean' on page 11 undefined on input line
 250.

LaTeX Font Info:    Trying to load font information for U+euf on input line 269
.
(/usr/share/texlive/texmf-dist/tex/latex/amsfonts/ueuf.fd
File: ueuf.fd 2013/01/14 v3.01 Euler Fraktur
) [11]

Package natbib Warning: Citation `Gunaydin1974' on page 12 undefined on input l
ine 282.


Package natbib Warning: Citation `Gunaydin1975' on page 12 undefined on input l
ine 282.


Package natbib Warning: Citation `Okubo1978' on page 12 undefined on input line
 282.


Package natbib Warning: Citation `Dixon1994' on page 12 undefined on input line
 282.


Package natbib Warning: Citation `Toppan2021' on page 12 undefined on input lin
e 282.

[12]
Underfull \hbox (badness 1400) in paragraph at lines 301--301
[]\OT1/cmr/bx/n/12 Derivation of Lin-ear Con-fine-ment from Phase-Horizon
 []

[13] [14] [15] [16]

Package natbib Warning: Citation `hqiv-lean' on page 17 undefined on input line
 419.


Package natbib Warning: Citation `hqiv-lean' on page 17 undefined on input line
 419.


Underfull \hbox (badness 10000) in paragraph at lines 424--425
[]\OT1/cmr/m/n/10.95 QCD shell + phe-
 []


Package natbib Warning: Citation `hqiv-lean' on page 17 undefined on input line
 425.


Overfull \hbox (29.27455pt too wide) in paragraph at lines 425--426
[]\OT1/cmtt/m/n/10.95 omega[]k[]from[]shell[]integral
 []


Underfull \hbox (badness 2237) in paragraph at lines 426--427
[]\OT1/cmr/m/n/10.95 Colour flux tube with
 []

LaTeX Font Info:    Font shape `OT1/cmtt/bx/n' in size <12> not available
(Font)              Font shape `OT1/cmtt/m/n' tried instead on input line 433.

Underfull \hbox (badness 10000) in paragraph at lines 447--447
[]$\OT1/cmr/m/n/10.95 (1\OML/cmm/m/it/10.95 :\OT1/cmr/m/n/10.95 4[]4\OML/cmm/m/
it/10.95 :\OT1/cmr/m/n/10.95 8) \OMS/cmsy/m/n/10.95 ^^B
 []


Underfull \hbox (badness 10000) in paragraph at lines 448--448
[]$\OT1/cmr/m/n/10.95 7\OML/cmm/m/it/10.95 :\OT1/cmr/m/n/10.95 41 \OMS/cmsy/m/n
/10.95 ^^B \OT1/cmr/m/n/10.95 10[]$,
 []


Package natbib Warning: Citation `hqiv-lean' on page 17 undefined on input line
 449.


Underfull \hbox (badness 10000) in paragraph at lines 449--450
[]\OT1/cmr/m/n/10.95 NuFIT bench-mark;
 []


Package natbib Warning: Citation `hqiv-lean' on page 17 undefined on input line
 450.


Underfull \hbox (badness 10000) in paragraph at lines 450--451
[]\OT1/cmtt/m/n/10.95 m[]nu[]*[]derived\OT1/cmr/m/n/10.95 ,
 []


Overfull \hbox (109.0081pt too wide) in paragraph at lines 450--451
\OT1/cmtt/m/n/10.95 m[]nu[]e[]derived[]eq[]T[]lockin[]outer[]surfaces
 []

[17] [18]
Underfull \hbox (badness 2538) in paragraph at lines 490--491
[]\OT1/cmr/bx/n/12 Inner meta-horizon lad-der (quarks)\OT1/cmr/m/n/12 : top bir
th res-o-nance
 []


Underfull \hbox (badness 1242) in paragraph at lines 490--491
\OT1/cmr/m/n/12 at $\OML/cmm/m/it/12 T[]\OT1/cmr/m/n/12 ([]) = []$ $\OMS/cmsy/m
/n/12 !$ \OT1/cmr/m/n/12 two res-o-nance ex-pan-sions $\OMS/cmsy/m/n/12 !$
 []


Package natbib Warning: Citation `hqiv-lean' on page 19 undefined on input line
 494.


Underfull \hbox (badness 2409) in paragraph at lines 494--495
 []\OT1/cmr/bx/n/12 Lean align-ment.[] \OT1/cmr/m/n/12 The clean-est outer-hori
zon wit-ness layer is now
 []


Underfull \hbox (badness 10000) in paragraph at lines 494--495
\OT1/cmr/m/n/12 for-malised in \OT1/cmtt/m/n/12 Hqiv/Physics/DerivedGaugeAndLep
tonSector.lean\OT1/cmr/m/n/12 :
 []


Underfull \hbox (badness 10000) in paragraph at lines 494--495
\OT1/cmtt/m/n/12 electroweakShell = referenceM + 1\OT1/cmr/m/n/12 , \OT1/cmtt/m
/n/12 vacuumExpectationValue\OT1/cmr/m/n/12 ,
 []


Underfull \hbox (badness 10000) in paragraph at lines 494--495
\OT1/cmtt/m/n/12 M[]W[]derived\OT1/cmr/m/n/12 , \OT1/cmtt/m/n/12 M[]Z[]derived\
OT1/cmr/m/n/12 , and \OT1/cmtt/m/n/12 m[]nu[]e[]derived \OT1/cmr/m/n/12 are all
 ex-plicit
 []


Underfull \hbox (badness 10000) in paragraph at lines 494--495
\OT1/cmr/m/n/12 func-tions of \OT1/cmtt/m/n/12 referenceM\OT1/cmr/m/n/12 , \OT1
/cmtt/m/n/12 T[]lockin\OT1/cmr/m/n/12 , and ad-ja-cent outer-horizon
 []


Underfull \hbox (badness 7081) in paragraph at lines 494--495
\OT1/cmr/m/n/12 sur-faces. Charged-lepton shell or-der-ing is for-malised sep-a
-rately
 []


Underfull \hbox (badness 10000) in paragraph at lines 494--495
\OT1/cmr/m/n/12 in \OT1/cmtt/m/n/12 Hqiv/Physics/LeptonGenerationLockin.lean\OT
1/cmr/m/n/12 : $\OML/cmm/m/it/12 ^^\$ \OT1/cmr/m/n/12 is fixed at
 []


Underfull \hbox (badness 2970) in paragraph at lines 494--495
\OT1/cmtt/m/n/12 referenceM\OT1/cmr/m/n/12 , while the cur-rent $\OML/cmm/m/it/
12 ^^V=e$ \OT1/cmr/m/n/12 shells are car-ried by a pro-vi-
 []


Underfull \hbox (badness 10000) in paragraph at lines 494--495
\OT1/cmr/m/n/12 sional \OT1/cmtt/m/n/12 OuterHorizonLeptonShellSelection \OT1/c
mr/m/n/12 wit-ness con-sumed by
 []


Underfull \hbox (badness 3668) in paragraph at lines 494--495
\OT1/cmtt/m/n/12 Hqiv/Physics/ChargedLeptonResonance.lean\OT1/cmr/m/n/12 . The 
quark top sits
 []


Underfull \hbox (badness 1259) in paragraph at lines 494--495
\OT1/cmr/m/n/12 at lock-in \OT1/cmtt/m/n/12 referenceM \OT1/cmr/m/n/12 with \OT
1/cmtt/m/n/12 m[]top[]at[]lockin \OT1/cmr/m/n/12 and lad-der tem-per-a-ture
 []

[19]
Underfull \hbox (badness 10000) in paragraph at lines 498--499
[]\OT1/cmr/m/n/12 Anomaly co-ef-fi-cients can-cel au-to-mat-i-cally un-der
 []


Underfull \hbox (badness 10000) in paragraph at lines 498--499
[]\OT1/cmr/m/n/12 (8)$ tri-al-ity for the three gen-er-a-tions (ver-i-fied in
 []


Underfull \hbox (badness 10000) in paragraph at lines 498--499
\OT1/cmtt/m/n/12 OctonionHQIVAlgebra.check[]triality[]anomalies() \OT1/cmr/m/n/
12 in
 []


Overfull \hbox (59.01015pt too wide) detected at line 503
[]\OT1/cmr/m/n/12 (8)  []  \OML/cmm/m/it/12 G[] \OMS/cmsy/m/n/12 ^^B \OT1/cmr/m
/n/12 U(1)[]  []  [](3)[] \OMS/cmsy/m/n/12 ^^B []\OT1/cmr/m/n/12 (2)[] \OMS/cms
y/m/n/12 ^^B \OT1/cmr/m/n/12 U(1)[]\OML/cmm/m/it/12 :
 []


Package natbib Warning: Citation `hqiv-lean' on page 20 undefined on input line
 515.


Underfull \hbox (badness 10000) in paragraph at lines 521--523
\OT1/cmr/m/n/12 (\OT1/cmtt/m/n/12 curvatureDensity \OT1/cmr/m/n/12 in \OT1/cmtt
/m/n/12 Hqiv/Geometry/OctonionicLightCone.lean\OT1/cmr/m/n/12 ).
 []

[20]

Package natbib Warning: Citation `hqiv-lean' on page 21 undefined on input line
 530.


Package natbib Warning: Citation `hqiv-lean' on page 21 undefined on input line
 536.


Package natbib Warning: Citation `hqiv-lean' on page 21 undefined on input line
 546.


Overfull \hbox (6.50519pt too wide) detected at line 549
[] []\OML/cmm/m/it/12 m \OMS/cmsy/m/n/12 7! [][] [] \OT1/cmr/m/n/12 (\OMS/cmsy/
m/n/12 N \OT1/cmr/m/n/12 (4 : \U/msb/m/n/12 R\OT1/cmr/m/n/12 ))\OML/cmm/m/it/12
 ;
 []


Package natbib Warning: Citation `hqiv-lean' on page 21 undefined on input line
 550.


Underfull \hbox (badness 3333) in paragraph at lines 549--551
\OT1/cmr/m/n/12 i.e. the ra-tio tends to $4$ in the usual neigh-bor-hood fil-te
r on $\U/msb/m/n/12 R$
 []


Underfull \hbox (badness 10000) in paragraph at lines 553--554
 []\OT1/cmr/bx/n/12 Real an-a-lyt-ic-ity of the ADM/HQVM lapse
 []


Underfull \hbox (badness 10000) in paragraph at lines 553--554
\OT1/cmr/bx/n/12 (\OT1/cmtt/m/n/12 Hqiv/Geometry/HQVMetricAnalytic.lean\OT1/cmr
/bx/n/12 ).[] \OT1/cmr/m/n/12 The lapse is fixed by
 []


Package natbib Warning: Citation `hqiv-lean' on page 21 undefined on input line
 557.


Underfull \hbox (badness 10000) in paragraph at lines 556--558
\OT1/cmr/m/n/12 (\OT1/cmtt/m/n/12 HQVMetric.lean\OT1/cmr/m/n/12 ). All real-ana
lyticity proofs be-low live in
 []


Underfull \hbox (badness 10000) in paragraph at lines 556--558
\OT1/cmtt/m/n/12 HQVMetricAnalytic.lean \OT1/cmr/m/n/12 [\OT1/cmr/bx/n/12 ?\OT1
/cmr/m/n/12 ] and use Math-lib's \OT1/cmtt/m/n/12 AnalyticAt
 []


Underfull \hbox (badness 5147) in paragraph at lines 556--558
\OT1/cmr/m/n/12 / \OT1/cmtt/m/n/12 AnalyticOnNhd \OT1/cmr/m/n/12 API (no new ax
-ioms). The tu-ple pack-ag-ing
 []


Underfull \hbox (badness 10000) in paragraph at lines 556--558
\OT1/cmtt/m/n/12 HQVM[]lapseTuple \OT1/cmr/m/n/12 sat-is-fies \OT1/cmtt/m/n/12 
HQVM[]lapse[]eq[]tuple\OT1/cmr/m/n/12 ; joint an-a-lyt-ic-
 []


Underfull \hbox (badness 1776) in paragraph at lines 556--558
\OT1/cmr/m/n/12 ity is \OT1/cmtt/m/n/12 analyticAt[]HQVM[]lapseTuple \OT1/cmr/m
/n/12 at ev-ery $\OML/cmm/m/it/12 z \OMS/cmsy/m/n/12 2 \U/msb/m/n/12 R[]$ \OT1/
cmr/m/n/12 and glob-ally
 []


Underfull \hbox (badness 1681) in paragraph at lines 556--558
[]\OT1/cmr/m/n/12 (^^B) = []\OML/cmm/m/it/12 =\OT1/cmr/m/n/12 ^^B$ (\OT1/cmtt/m
/n/12 AuxiliaryField.lean\OT1/cmr/m/n/12 ; co-
 []

[21]

Package natbib Warning: Citation `hqiv-lean' on page 22 undefined on input line
 559.


Underfull \hbox (badness 1590) in paragraph at lines 563--564
\OT1/cmr/m/n/12 At lab-o-ra-tory and atomic scales $\OML/cmm/m/it/12 ^^^[]$ \OT
1/cmr/m/n/12 is heav-ily sup-pressed by the
 []


Underfull \hbox (badness 2635) in paragraph at lines 568--570
[]\OT1/cmr/m/n/12 **Muon anoma-lous mag-netic mo-ment:** At the muon scale ($\O
MS/cmsy/m/n/12 ^^X
 []

[22] [23]

Package natbib Warning: Citation `Schuller2020' on page 24 undefined on input l
ine 642.


Package natbib Warning: Citation `Gunaydin1974' on page 24 undefined on input l
ine 642.


Package natbib Warning: Citation `Gunaydin1975' on page 24 undefined on input l
ine 642.


Package natbib Warning: Citation `Okubo1978' on page 24 undefined on input line
 642.


Package natbib Warning: Citation `Dixon1994' on page 24 undefined on input line
 642.


Package natbib Warning: Citation `Toppan2021' on page 24 undefined on input lin
e 642.

[24] [25] [26]
Underfull \hbox (badness 10000) in paragraph at lines 702--702
[]\OT1/cmr/m/n/10.95 Electron $\OML/cmm/m/it/10.95 a[]$
 []

[27]

Package natbib Warning: Citation `brodie2026' on page 28 undefined on input lin
e 749.


Package natbib Warning: Citation `hqiv-lean' on page 28 undefined on input line
 750.

[28]
Underfull \hbox (badness 1189) in paragraph at lines 764--764
[]\OT1/cmr/bx/n/14.4 Baryogenesis Win-dow from HQVM + Phase-
 []

[29]
Underfull \hbox (badness 10000) in paragraph at lines 801--803
\OT1/cmr/m/n/12 where $\OML/cmm/m/it/12 dN[]=dN[]$ \OT1/cmr/m/n/12 in-cor-po-ra
tes the ge-o-met-ric bias, vor-tic-ity, and
 []

[30]
Underfull \hbox (badness 2753) in paragraph at lines 835--836
 []\OT1/cmr/bx/n/12 CLASS im-ple-men-ta-tion note.[] \OT1/cmr/m/n/12 In the eme
rgent-lattice mode set
 []

[31]

Package natbib Warning: Citation `hqiv_repo' on page 32 undefined on input line
 863.

[32]
Underfull \hbox (badness 10000) in paragraph at lines 880--880
[]\OT1/cmr/m/n/10.95 Global age (wall-
 []


Underfull \hbox (badness 10000) in paragraph at lines 882--882
[]\OT1/cmr/m/n/10.95 Apparent look-back
 []


Underfull \hbox (badness 1917) in paragraph at lines 893--893
[]\OT1/cmr/bx/n/17.28 Quantitative Deriva-tion of the Baryon
 []


Package natbib Warning: Citation `hqiv-lean' on page 33 undefined on input line
 906.

[33] [34]

Package natbib Warning: Citation `hqiv-lean' on page 35 undefined on input line
 918.


LaTeX Warning: File `ensemble_eta_dist.png' not found on input line 935.


! Package pdftex.def Error: File `ensemble_eta_dist.png' not found: using draft
 setting.

See the pdftex.def package documentation for explanation.
Type  H <return>  for immediate help.
 ...                                              
                                                  
l.935 ...dth=0.9\textwidth]{ensemble_eta_dist.png}
                                                  
Try typing  <return>  to proceed.
If that doesn't work, type  X <return>  to quit.


Package natbib Warning: Citation `hqiv_repo' on page 35 undefined on input line
 936.


Package natbib Warning: Citation `hqiv_repo' on page 35 undefined on input line
 936.


Package natbib Warning: Citation `Renda2019' on page 35 undefined on input line
 946.

[35] [36]

Package natbib Warning: Citation `brodie2026' on page 37 undefined on input lin
e 958.


Package natbib Warning: Citation `Jacobson1995' on page 37 undefined on input l
ine 958.


Underfull \hbox (badness 1769) in paragraph at lines 964--964
[]\OT1/cmr/bx/n/17.28 DotG and Lu-nar Laser Rang-ing Con-
 []

[37]

LaTeX Warning: File `cmb_spectrum_fiducial.pdf' not found on input line 1023.


! Package pdftex.def Error: File `cmb_spectrum_fiducial.pdf' not found: using d
raft setting.

See the pdftex.def package documentation for explanation.
Type  H <return>  for immediate help.
 ...                                              
                                                  
l.1023 ...85\textwidth]{cmb_spectrum_fiducial.pdf}
                                                  
Try typing  <return>  to proceed.
If that doesn't work, type  X <return>  to quit.


Package natbib Warning: Citation `hqiv_repo' on page 38 undefined on input line
 1031.


Underfull \hbox (badness 2529) in paragraph at lines 1031--1032
\OT1/cmr/m/n/12 All fig-ures in this pa-per are gen-er-ated di-rectly from the 
sup-plied
 []


Underfull \hbox (badness 5519) in paragraph at lines 1031--1032
\OT1/cmr/m/n/12 reads. The fidu-cial CLASS-HQIV run used for Ta-ble []6[], Ta-
 []

[38] [39]

Package natbib Warning: Citation `hqiv_repo' on page 40 undefined on input line
 1038.

[40] [41]

Package natbib Warning: Citation `hqiv-lean' on page 42 undefined on input line
 1061.


Package natbib Warning: Citation `hqiv-lean' on page 42 undefined on input line
 1063.


Package natbib Warning: Citation `hqiv-lean' on page 42 undefined on input line
 1066.

[42]

Package natbib Warning: Citation `hqiv-lean' on page 43 undefined on input line
 1084.


Underfull \hbox (badness 2564) in paragraph at lines 1090--1091
[]\OT1/cmr/m/n/12 (isotropic com-po-nent; direction-dependent quadrupo-lar mod-
u-la-tion
 []

[43]

Package natbib Warning: Citation `brodie2026' on page 44 undefined on input lin
e 1105.


LaTeX Warning: File `tensions.jpg' not found on input line 1115.


! Package pdftex.def Error: File `tensions.jpg' not found: using draft setting.


See the pdftex.def package documentation for explanation.
Type  H <return>  for immediate help.
 ...                                              
                                                  
l.1115 ...graphics[width=\textwidth]{tensions.jpg}
                                                  
Try typing  <return>  to proceed.
If that doesn't work, type  X <return>  to quit.

[44] [45] [46] [47]
Underfull \hbox (badness 2229) in paragraph at lines 1168--1168
[]\OT1/cmr/bx/n/17.28 Grand Uni-fi-ca-tion from the Horizon-
 []


Package natbib Warning: Citation `Schuller2020' on page 48 undefined on input l
ine 1171.

[48]
Underfull \hbox (badness 1502) in paragraph at lines 1182--1184
\OT1/cmr/m/n/12 comfortably within the reach of next-generation ex-per-i-ments 
(Hyper-
 []


Underfull \hbox (badness 1466) in paragraph at lines 1182--1184
\OT1/cmr/m/n/12 Kamiokande, DUNE) while re-main-ing con-sis-tent with cur-rent 
Super-
 []


Package natbib Warning: Citation `hqiv-lean' on page 49 undefined on input line
 1189.


Package natbib Warning: Citation `hqiv-lean' on page 49 undefined on input line
 1193.

[49]

Package natbib Warning: Citation `hqiv-lean' on page 50 undefined on input line
 1202.


Package natbib Warning: Citation `hqiv-lean' on page 50 undefined on input line
 1212.


Overfull \hbox (243.03325pt too wide) detected at line 1224
[] \OT1/cmr/m/n/12 = \OML/cmm/m/it/12 T[] []\OT1/cmr/m/n/12 ([] + 1) []1 + [][]
\OML/cmm/m/it/12 ;  [] \OT1/cmr/m/n/12 = 1 \OMS/cmsy/m/n/12 ^^@ \OML/cmm/m/it/1
2 ;
 []


Overfull \hbox (0.58015pt too wide) detected at line 1228
[] \OT1/cmr/m/n/12 = []\OML/cmm/m/it/12 ;
 []

[50]
Overfull \hbox (681.8398pt too wide) detected at line 1234
[] \OT1/cmr/m/n/12 = [] \OMS/cmsy/m/n/12 ^^A []\OML/cmm/m/it/12 ;  [] \OT1/cmr/
m/n/12 = [] \OMS/cmsy/m/n/12 ^^A []\OML/cmm/m/it/12 ;  [] \OT1/cmr/m/n/12 = [] 
\OMS/cmsy/m/n/12 ^^A []\OML/cmm/m/it/12 :
 []


Package natbib Warning: Citation `hqiv-lean' on page 51 undefined on input line
 1235.


Underfull \hbox (badness 10000) in paragraph at lines 1234--1236
\OT1/cmr/m/n/12 Theorem \OT1/cmtt/m/n/12 neutrino[]masses[]from[]sterile[]overl
ap \OT1/cmr/m/n/12 pack-ages
 []


Underfull \hbox (badness 10000) in paragraph at lines 1234--1236
\OT1/cmr/m/n/12 these equal-i-ties; \OT1/cmtt/m/n/12 m[]nu[]e[]derived[]eq[]T[]
lockin[]outer[]surfaces
 []


Underfull \hbox (badness 10000) in paragraph at lines 1234--1236
\OT1/cmr/m/n/12 ex-pands \OT1/cmtt/m/n/12 m[]nu[]e[]derived \OT1/cmr/m/n/12 ex-
plic-itly as a prod-uct
 []


Underfull \hbox (badness 10000) in paragraph at lines 1234--1236
\OT1/cmr/m/n/12 of \OT1/cmtt/m/n/12 T[]lockin\OT1/cmr/m/n/12 , \OT1/cmtt/m/n/12
 outerHorizonSurface\OT1/cmr/m/n/12 (\OT1/cmtt/m/n/12 referenceM\OT1/cmr/m/n/12
 +1),
 []


Package natbib Warning: Citation `hqiv-lean' on page 51 undefined on input line
 1245.


Underfull \hbox (badness 3417) in paragraph at lines 1245--1246
\OT1/cmr/m/n/12 Using the Phase-Horizon cor-rected Maxwell equa-tions (Sec. []4
[]) to-
 []


Underfull \hbox (badness 1668) in paragraph at lines 1245--1246
\OT1/cmr/m/n/12 gether with the oc-to-nionic lift de-manded by Schuller's hy-pe
r-bol-ic-ity
 []


Underfull \hbox (badness 1902) in paragraph at lines 1245--1246
\OT1/cmr/m/n/12 and the dis-crete null-lattice con-struc-tion, we de-rive the H
iggs pole
 []

[51] [52]

Package natbib Warning: Citation `hqiv-lean' on page 53 undefined on input line
 1297.

[53] [54] [55] [56] [57] [58] [59]
Underfull \hbox (badness 10000) in paragraph at lines 1470--1487
[]
 []

[60]

Package natbib Warning: Citation `hqiv-lean' on page 61 undefined on input line
 1490.

[61] [62] [63] [64]

Package hyperref Warning: Token not allowed in a PDF string (Unicode):
(hyperref)                removing `subscript' on input line 1626.

[65]
Underfull \hbox (badness 1077) in paragraph at lines 1644--1645
\OT1/cmr/m/n/12 ver-i-fied in \OT1/cmtt/m/n/12 OctonionHQIVAlgebra.lie[]closure
[]dimension() \OT1/cmr/m/n/12 (repos-i-tory
 []


Underfull \hbox (badness 2707) in paragraph at lines 1653--1654
[]\OT1/cmr/m/n/12 This com-pletes the ex-plicit matrix-level con-struc-tion of 
the dy-
 []


Underfull \hbox (badness 2088) in paragraph at lines 1653--1654
\U/euf/m/n/12 g[] \OT1/cmr/m/n/12 + ^^A$ and it-er-a-tively adding com-mu-ta-to
rs un-til the span reaches
 []

[66]
Underfull \hbox (badness 10000) in paragraph at lines 1673--1673
[]\OT1/cmr/m/n/10.95 4$\OMS/cmsy/m/n/10.95 ^^B$\OT1/cmr/m/n/10.95 4 block
 []


Underfull \hbox (badness 10000) in paragraph at lines 1674--1674
[]\OT1/cmr/m/n/10.95 Eigenvalues
 []


Underfull \hbox (badness 10000) in paragraph at lines 1674--1674
\OT1/cmr/m/n/10.95 (imag-i-nary
 []


Underfull \hbox (badness 1270) in paragraph at lines 1682--1684
\OT1/cmr/m/n/12 with eigen-val-ues $\OMS/cmsy/m/n/12 ^^F\OML/cmm/m/it/12 i=\OT1
/cmr/m/n/12 6\OML/cmm/m/it/12 ;  \OMS/cmsy/m/n/12 ^^F\OML/cmm/m/it/12 i=\OT1/cm
r/m/n/12 2$. Full 8$\OMS/cmsy/m/n/12 ^^B$\OT1/cmr/m/n/12 8 $\OML/cmm/m/it/12 Y$
 \OT1/cmr/m/n/12 and the full 28-vector $\OML/cmm/m/it/12 c$
 []

[67]
Underfull \hbox (badness 10000) in paragraph at lines 1693--1693
[]\OT1/cmr/m/n/10.95 Age
 []


Underfull \hbox (badness 10000) in paragraph at lines 1695--1695
[]\OT1/cmr/m/n/10.95 Cost-min.
 []


Underfull \hbox (badness 1082) in paragraph at lines 1712--1712
[][][]\OT1/cmr/m/n/10 To the re-main-ing flat-spacetimers who in-sist that spac
e-time must be ex-actly
 []

[68] [69] [70] (./mainold.bbl
Underfull \hbox (badness 2005) in paragraph at lines 47--54
[]\OT1/cmr/m/n/12 HQIV Project.  Hqiv com-pan-ion repos-i-to-ries (class patche
s, lat-tice
 []


Underfull \hbox (badness 1609) in paragraph at lines 47--54
\OT1/cmr/m/n/12 drivers, plot-ting), 2026.  URL []$\OT1/cmtt/m/n/12 https : / /
 doi . org / 10 . 5281 / zenodo .
 []


Underfull \hbox (badness 3260) in paragraph at lines 63--71
[]\OT1/cmr/m/n/12 Bernhard Mueller.  Ob-server patch holog-ra-phy: over-lap-pin
g hori-
 []


Underfull \hbox (badness 1478) in paragraph at lines 63--71
\OT1/cmr/m/n/12 zon patches and emer-gent gauge/gravity struc-ture.  GitHub boo
k
 []


Underfull \hbox (badness 6542) in paragraph at lines 63--71
\OT1/cmr/m/n/12 / preprint, 2026.  URL []$\OT1/cmtt/m/n/12 https : / / github .
 com / FloatingPragma /
 []

[71])

Package natbib Warning: There were undefined citations.

[72] (./mainold.aux

Package natbib Warning: Citation(s) may have changed.
(natbib)                Rerun to get citations correct.

)
 ***********
LaTeX2e <2023-11-01> patch level 1
L3 programming layer <2024-01-22>
 ***********
Package rerunfilecheck Info: File `mainold.out' has not changed.
(rerunfilecheck)             Checksum: AE998C4FC769E4D299ED4D25690FAD92;21523.
 ) 
Here is how much of TeX's memory you used:
 11905 strings out of 474222
 179553 string characters out of 5748733
 1946975 words of memory out of 5000000
 33772 multiletter control sequences out of 15000+600000
 577498 words of font info for 111 fonts, out of 8000000 for 9000
 1141 hyphenation exceptions out of 8191
 79i,16n,93p,1945b,567s stack positions out of 10000i,1000n,20000p,200000b,200000s
</usr/share/texlive/texmf-dist/fonts/type1/public/amsfonts/cm/cmbx10.pfb></us
r/share/texlive/texmf-dist/fonts/type1/public/amsfonts/cm/cmbx12.pfb></usr/shar
e/texlive/texmf-dist/fonts/type1/public/amsfonts/cm/cmex10.pfb></usr/share/texl
ive/texmf-dist/fonts/type1/public/amsfonts/cm/cmmi10.pfb></usr/share/texlive/te
xmf-dist/fonts/type1/public/amsfonts/cm/cmmi12.pfb></usr/share/texlive/texmf-di
st/fonts/type1/public/amsfonts/cm/cmmi6.pfb></usr/share/texlive/texmf-dist/font
s/type1/public/amsfonts/cm/cmmi7.pfb></usr/share/texlive/texmf-dist/fonts/type1
/public/amsfonts/cm/cmmi8.pfb></usr/share/texlive/texmf-dist/fonts/type1/public
/amsfonts/cm/cmr10.pfb></usr/share/texlive/texmf-dist/fonts/type1/public/amsfon
ts/cm/cmr12.pfb></usr/share/texlive/texmf-dist/fonts/type1/public/amsfonts/cm/c
mr17.pfb></usr/share/texlive/texmf-dist/fonts/type1/public/amsfonts/cm/cmr6.pfb
></usr/share/texlive/texmf-dist/fonts/type1/public/amsfonts/cm/cmr7.pfb></usr/s
hare/texlive/texmf-dist/fonts/type1/public/amsfonts/cm/cmr8.pfb></usr/share/tex
live/texmf-dist/fonts/type1/public/amsfonts/cm/cmsy10.pfb></usr/share/texlive/t
exmf-dist/fonts/type1/public/amsfonts/cm/cmsy6.pfb></usr/share/texlive/texmf-di
st/fonts/type1/public/amsfonts/cm/cmsy8.pfb></usr/share/texlive/texmf-dist/font
s/type1/public/amsfonts/cm/cmti10.pfb></usr/share/texlive/texmf-dist/fonts/type
1/public/amsfonts/cm/cmti12.pfb></usr/share/texlive/texmf-dist/fonts/type1/publ
ic/amsfonts/cm/cmtt10.pfb></usr/share/texlive/texmf-dist/fonts/type1/public/ams
fonts/cm/cmtt12.pfb></usr/share/texlive/texmf-dist/fonts/type1/public/amsfonts/
euler/eufm10.pfb></usr/share/texlive/texmf-dist/fonts/type1/public/amsfonts/sym
bols/msam10.pfb></usr/share/texlive/texmf-dist/fonts/type1/public/amsfonts/symb
ols/msbm10.pfb></usr/share/texmf/fonts/type1/public/cm-super/sfrm0700.pfb></usr
/share/texmf/fonts/type1/public/cm-super/sfrm1000.pfb></usr/share/texmf/fonts/t
ype1/public/cm-super/sfrm1200.pfb>
Output written on mainold.pdf (72 pages, 580969 bytes).
PDF statistics:
 933 PDF objects out of 1000 (max. 8388607)
 792 compressed objects within 8 object streams
 224 named destinations out of 1000 (max. 500000)
 513 words of extra memory for PDF output out of 10000 (max. 10000000)

