This is pdfTeX, Version 3.141592653-2.6-1.40.28 (TeX Live 2025/Debian) (preloaded format=pdflatex 2026.4.27)  1 MAY 2026 15:19
entering extended mode
 restricted \write18 enabled.
 %&-line parsing enabled.
**sat_rapidity_frontier_note.tex
(./sat_rapidity_frontier_note.tex
LaTeX2e <2025-11-01>
L3 programming layer <2026-01-19>
(/usr/share/texlive/texmf-dist/tex/latex/base/article.cls
Document Class: article 2025/01/22 v1.4n Standard LaTeX document class
(/usr/share/texlive/texmf-dist/tex/latex/base/size11.clo
File: size11.clo 2025/01/22 v1.4n Standard LaTeX file (size option)
)
\c@part=\count275
\c@section=\count276
\c@subsection=\count277
\c@subsubsection=\count278
\c@paragraph=\count279
\c@subparagraph=\count280
\c@figure=\count281
\c@table=\count282
\abovecaptionskip=\skip49
\belowcaptionskip=\skip50
\bibindent=\dimen148
)
(/usr/share/texlive/texmf-dist/tex/latex/geometry/geometry.sty
Package: geometry 2020/01/02 v5.9 Page Geometry

(/usr/share/texlive/texmf-dist/tex/latex/graphics/keyval.sty
Package: keyval 2022/05/29 v1.15 key=value parser (DPC)
\KV@toks@=\toks17
)
(/usr/share/texlive/texmf-dist/tex/generic/iftex/ifvtex.sty
Package: ifvtex 2019/10/25 v1.7 ifvtex legacy package. Use iftex instead.

(/usr/share/texlive/texmf-dist/tex/generic/iftex/iftex.sty
Package: iftex 2024/12/12 v1.0g TeX engine tests
))
\Gm@cnth=\count283
\Gm@cntv=\count284
\c@Gm@tempcnt=\count285
\Gm@bindingoffset=\dimen149
\Gm@wd@mp=\dimen150
\Gm@odd@mp=\dimen151
\Gm@even@mp=\dimen152
\Gm@layoutwidth=\dimen153
\Gm@layoutheight=\dimen154
\Gm@layouthoffset=\dimen155
\Gm@layoutvoffset=\dimen156
\Gm@dimlist=\toks18
)
(/usr/share/texlive/texmf-dist/tex/latex/amsmath/amsmath.sty
Package: amsmath 2025/07/09 v2.17z AMS math features
\@mathmargin=\skip51

For additional information on amsmath, use the `?' option.
(/usr/share/texlive/texmf-dist/tex/latex/amsmath/amstext.sty
Package: amstext 2024/11/17 v2.01 AMS text

(/usr/share/texlive/texmf-dist/tex/latex/amsmath/amsgen.sty
File: amsgen.sty 1999/11/30 v2.0 generic functions
\@emptytoks=\toks19
\ex@=\dimen157
))
(/usr/share/texlive/texmf-dist/tex/latex/amsmath/amsbsy.sty
Package: amsbsy 1999/11/29 v1.2d Bold Symbols
\pmbraise@=\dimen158
)
(/usr/share/texlive/texmf-dist/tex/latex/amsmath/amsopn.sty
Package: amsopn 2022/04/08 v2.04 operator names
)
\inf@bad=\count286
LaTeX Info: Redefining \frac on input line 233.
\uproot@=\count287
\leftroot@=\count288
LaTeX Info: Redefining \overline on input line 398.
LaTeX Info: Redefining \colon on input line 409.
\classnum@=\count289
\DOTSCASE@=\count290
LaTeX Info: Redefining \ldots on input line 495.
LaTeX Info: Redefining \dots on input line 498.
LaTeX Info: Redefining \cdots on input line 619.
\Mathstrutbox@=\box53
\strutbox@=\box54
LaTeX Info: Redefining \big on input line 721.
LaTeX Info: Redefining \Big on input line 722.
LaTeX Info: Redefining \bigg on input line 723.
LaTeX Info: Redefining \Bigg on input line 724.
\big@size=\dimen159
LaTeX Font Info:    Redeclaring font encoding OML on input line 742.
LaTeX Font Info:    Redeclaring font encoding OMS on input line 743.
\macc@depth=\count291
LaTeX Info: Redefining \bmod on input line 904.
LaTeX Info: Redefining \pmod on input line 909.
LaTeX Info: Redefining \smash on input line 939.
LaTeX Info: Redefining \relbar on input line 969.
LaTeX Info: Redefining \Relbar on input line 970.
\c@MaxMatrixCols=\count292
\dotsspace@=\muskip17
\c@parentequation=\count293
\dspbrk@lvl=\count294
\tag@help=\toks20
\row@=\count295
\column@=\count296
\maxfields@=\count297
\andhelp@=\toks21
\eqnshift@=\dimen160
\alignsep@=\dimen161
\tagshift@=\dimen162
\tagwidth@=\dimen163
\totwidth@=\dimen164
\lineht@=\dimen165
\@envbody=\toks22
\multlinegap=\skip52
\multlinetaggap=\skip53
\mathdisplay@stack=\toks23
LaTeX Info: Redefining \[ on input line 2950.
LaTeX Info: Redefining \] on input line 2951.
)
(/usr/share/texlive/texmf-dist/tex/latex/amsfonts/amssymb.sty
Package: amssymb 2013/01/14 v3.01 AMS font symbols

(/usr/share/texlive/texmf-dist/tex/latex/amsfonts/amsfonts.sty
Package: amsfonts 2013/01/14 v3.01 Basic AMSFonts support
\symAMSa=\mathgroup4
\symAMSb=\mathgroup5
LaTeX Font Info:    Redeclaring math symbol \hbar on input line 98.
LaTeX Font Info:    Overwriting math alphabet `\mathfrak' in version `bold'
(Font)                  U/euf/m/n --> U/euf/b/n on input line 106.
))
(/usr/share/texlive/texmf-dist/tex/latex/amscls/amsthm.sty
Package: amsthm 2020/05/29 v2.20.6
\thm@style=\toks24
\thm@bodyfont=\toks25
\thm@headfont=\toks26
\thm@notefont=\toks27
\thm@headpunct=\toks28
\thm@preskip=\skip54
\thm@postskip=\skip55
\thm@headsep=\skip56
\dth@everypar=\toks29
)
(/usr/share/texlive/texmf-dist/tex/latex/hyperref/hyperref.sty
Package: hyperref 2025-07-12 v7.01o Hypertext links for LaTeX

(/usr/share/texlive/texmf-dist/tex/latex/kvsetkeys/kvsetkeys.sty
Package: kvsetkeys 2022-10-05 v1.19 Key value parser (HO)
)
(/usr/share/texlive/texmf-dist/tex/generic/kvdefinekeys/kvdefinekeys.sty
Package: kvdefinekeys 2019-12-19 v1.6 Define keys (HO)
)
(/usr/share/texlive/texmf-dist/tex/generic/pdfescape/pdfescape.sty
Package: pdfescape 2019/12/09 v1.15 Implements pdfTeX's escape features (HO)

(/usr/share/texlive/texmf-dist/tex/generic/ltxcmds/ltxcmds.sty
Package: ltxcmds 2023-12-04 v1.26 LaTeX kernel commands for general use (HO)
)
(/usr/share/texlive/texmf-dist/tex/generic/pdftexcmds/pdftexcmds.sty
Package: pdftexcmds 2020-06-27 v0.33 Utility functions of pdfTeX for LuaTeX (HO
)

(/usr/share/texlive/texmf-dist/tex/generic/infwarerr/infwarerr.sty
Package: infwarerr 2019/12/03 v1.5 Providing info/warning/error messages (HO)
)
Package pdftexcmds Info: \pdf@primitive is available.
Package pdftexcmds Info: \pdf@ifprimitive is available.
Package pdftexcmds Info: \pdfdraftmode found.
))
(/usr/share/texlive/texmf-dist/tex/latex/hycolor/hycolor.sty
Package: hycolor 2020-01-27 v1.10 Color options for hyperref/bookmark (HO)
)
(/usr/share/texlive/texmf-dist/tex/latex/hyperref/nameref.sty
Package: nameref 2025-06-21 v2.57 Cross-referencing by name of section

(/usr/share/texlive/texmf-dist/tex/latex/refcount/refcount.sty
Package: refcount 2019/12/15 v3.6 Data extraction from label references (HO)
)
(/usr/share/texlive/texmf-dist/tex/generic/gettitlestring/gettitlestring.sty
Package: gettitlestring 2019/12/15 v1.6 Cleanup title references (HO)

(/usr/share/texlive/texmf-dist/tex/latex/kvoptions/kvoptions.sty
Package: kvoptions 2022-06-15 v3.15 Key value format for package options (HO)
))
\c@section@level=\count298
)
(/usr/share/texlive/texmf-dist/tex/latex/etoolbox/etoolbox.sty
Package: etoolbox 2025/10/02 v2.5m e-TeX tools for LaTeX (JAW)
\etb@tempcnta=\count299
)
(/usr/share/texlive/texmf-dist/tex/generic/stringenc/stringenc.sty
Package: stringenc 2019/11/29 v1.12 Convert strings between diff. encodings (HO
)
)
\@linkdim=\dimen166
\Hy@linkcounter=\count300
\Hy@pagecounter=\count301

(/usr/share/texlive/texmf-dist/tex/latex/hyperref/pd1enc.def
File: pd1enc.def 2025-07-12 v7.01o Hyperref: PDFDocEncoding definition (HO)
Now handling font encoding PD1 ...
... no UTF-8 mapping file for font encoding PD1
)
(/usr/share/texlive/texmf-dist/tex/generic/intcalc/intcalc.sty
Package: intcalc 2019/12/15 v1.3 Expandable calculations with integers (HO)
)
\Hy@SavedSpaceFactor=\count302

(/usr/share/texlive/texmf-dist/tex/latex/hyperref/puenc.def
File: puenc.def 2025-07-12 v7.01o Hyperref: PDF Unicode definition (HO)
Now handling font encoding PU ...
... no UTF-8 mapping file for font encoding PU
)
Package hyperref Info: Hyper figures OFF on input line 4195.
Package hyperref Info: Link nesting OFF on input line 4200.
Package hyperref Info: Hyper index ON on input line 4203.
Package hyperref Info: Plain pages OFF on input line 4210.
Package hyperref Info: Backreferencing OFF on input line 4215.
Package hyperref Info: Implicit mode ON; LaTeX internals redefined.
Package hyperref Info: Bookmarks ON on input line 4462.
\c@Hy@tempcnt=\count303

(/usr/share/texlive/texmf-dist/tex/latex/url/url.sty
\Urlmuskip=\muskip18
Package: url 2013/09/16  ver 3.4  Verb mode for urls, etc.
)
LaTeX Info: Redefining \url on input line 4801.
\XeTeXLinkMargin=\dimen167

(/usr/share/texlive/texmf-dist/tex/generic/bitset/bitset.sty
Package: bitset 2019/12/09 v1.3 Handle bit-vector datatype (HO)

(/usr/share/texlive/texmf-dist/tex/generic/bigintcalc/bigintcalc.sty
Package: bigintcalc 2019/12/15 v1.5 Expandable calculations on big integers (HO
)
))
\Fld@menulength=\count304
\Field@Width=\dimen168
\Fld@charsize=\dimen169
Package hyperref Info: Hyper figures OFF on input line 6078.
Package hyperref Info: Link nesting OFF on input line 6083.
Package hyperref Info: Hyper index ON on input line 6086.
Package hyperref Info: backreferencing OFF on input line 6093.
Package hyperref Info: Link coloring OFF on input line 6098.
Package hyperref Info: Link coloring with OCG OFF on input line 6103.
Package hyperref Info: PDF/A mode OFF on input line 6108.
\Hy@abspage=\count305
\c@Item=\count306
\c@Hfootnote=\count307
)
Package hyperref Info: Driver (autodetected): hpdftex.

(/usr/share/texlive/texmf-dist/tex/latex/hyperref/hpdftex.def
File: hpdftex.def 2025-07-12 v7.01o Hyperref driver for pdfTeX
\Fld@listcount=\count308
\c@bookmark@seq@number=\count309

(/usr/share/texlive/texmf-dist/tex/latex/rerunfilecheck/rerunfilecheck.sty
Package: rerunfilecheck 2025-06-21 v1.11 Rerun checks for auxiliary files (HO)

(/usr/share/texlive/texmf-dist/tex/generic/uniquecounter/uniquecounter.sty
Package: uniquecounter 2019/12/15 v1.4 Provide unlimited unique counter (HO)
)
Package uniquecounter Info: New unique counter `rerunfilecheck' on input line 2
84.
)
\Hy@SectionHShift=\skip57
)
(/usr/share/texlive/texmf-dist/tex/latex/enumitem/enumitem.sty
Package: enumitem 2025/02/06 v3.11 Customized lists
\labelindent=\skip58
\enit@outerparindent=\dimen170
\enit@toks=\toks30
\enit@inbox=\box55
\enit@count@id=\count310
\enitdp@description=\count311
)
(/usr/share/texlive/texmf-dist/tex/latex/l3backend/l3backend-pdftex.def
File: l3backend-pdftex.def 2025-10-09 L3 backend support: PDF output (pdfTeX)
\l__color_backend_stack_int=\count312
)
(./sat_rapidity_frontier_note.aux)
\openout1 = `sat_rapidity_frontier_note.aux'.

LaTeX Font Info:    Checking defaults for OML/cmm/m/it on input line 11.
LaTeX Font Info:    ... okay on input line 11.
LaTeX Font Info:    Checking defaults for OMS/cmsy/m/n on input line 11.
LaTeX Font Info:    ... okay on input line 11.
LaTeX Font Info:    Checking defaults for OT1/cmr/m/n on input line 11.
LaTeX Font Info:    ... okay on input line 11.
LaTeX Font Info:    Checking defaults for T1/cmr/m/n on input line 11.
LaTeX Font Info:    ... okay on input line 11.
LaTeX Font Info:    Checking defaults for TS1/cmr/m/n on input line 11.
LaTeX Font Info:    ... okay on input line 11.
LaTeX Font Info:    Checking defaults for OMX/cmex/m/n on input line 11.
LaTeX Font Info:    ... okay on input line 11.
LaTeX Font Info:    Checking defaults for U/cmr/m/n on input line 11.
LaTeX Font Info:    ... okay on input line 11.
LaTeX Font Info:    Checking defaults for PD1/pdf/m/n on input line 11.
LaTeX Font Info:    ... okay on input line 11.
LaTeX Font Info:    Checking defaults for PU/pdf/m/n on input line 11.
LaTeX Font Info:    ... okay on input line 11.

*geometry* driver: auto-detecting
*geometry* detected driver: pdftex
*geometry* verbose mode - [ preamble ] result:
* driver: pdftex
* paper: <default>
* layout: <same size as paper>
* layoutoffset:(h,v)=(0.0pt,0.0pt)
* modes: 
* h-part:(L,W,R)=(72.26999pt, 469.75502pt, 72.26999pt)
* v-part:(T,H,B)=(72.26999pt, 650.43001pt, 72.26999pt)
* \paperwidth=614.295pt
* \paperheight=794.96999pt
* \textwidth=469.75502pt
* \textheight=650.43001pt
* \oddsidemargin=0.0pt
* \evensidemargin=0.0pt
* \topmargin=-37.0pt
* \headheight=12.0pt
* \headsep=25.0pt
* \topskip=11.0pt
* \footskip=30.0pt
* \marginparwidth=59.0pt
* \marginparsep=10.0pt
* \columnsep=10.0pt
* \skip\footins=10.0pt plus 4.0pt minus 2.0pt
* \hoffset=0.0pt
* \voffset=0.0pt
* \mag=1000
* \@twocolumnfalse
* \@twosidefalse
* \@mparswitchfalse
* \@reversemarginfalse
* (1in=72.27pt=25.4mm, 1cm=28.453pt)

Package hyperref Info: Link coloring OFF on input line 11.
(./sat_rapidity_frontier_note.out) (./sat_rapidity_frontier_note.out)
\@outlinefile=\write3
\openout3 = `sat_rapidity_frontier_note.out'.

LaTeX Font Info:    Trying to load font information for U+msa on input line 13.


(/usr/share/texlive/texmf-dist/tex/latex/amsfonts/umsa.fd
File: umsa.fd 2013/01/14 v3.01 AMS symbols A
)
LaTeX Font Info:    Trying to load font information for U+msb on input line 13.


(/usr/share/texlive/texmf-dist/tex/latex/amsfonts/umsb.fd
File: umsb.fd 2013/01/14 v3.01 AMS symbols B
) [1

{/var/lib/texmf/fonts/map/pdftex/updmap/pdftex.map}{/usr/share/texmf/fonts/enc/
dvips/cm-super/cm-super-ts1.enc}] [2]
Overfull \hbox (329.71732pt too wide) detected at line 186
[] \OT1/cmr/m/n/10.95 =[]\OMS/cmsy/m/n/10.95 ) [] \OT1/cmr/m/n/10.95 =[]\OMS/cm
sy/m/n/10.95 ) [] \OT1/cmr/m/n/10.95 =[]\OMS/cmsy/m/n/10.95 ) [] \OT1/cmr/m/n/1
0.95 =[]\OMS/cmsy/m/n/10.95 ) [] \OT1/cmr/m/n/10.95 =[]\OMS/cmsy/m/n/10.95 ) []

 []

[3]
Overfull \hbox (77.74342pt too wide) in paragraph at lines 218--221
\OT1/cmr/m/n/10.95 The exact-count route through lo-cal shell in-ter-sec-tions 
has been for-mal-ized in \OT1/cmtt/m/n/10.95 SATRapidityExactCardinality.lean
 []


Overfull \hbox (19.82838pt too wide) in paragraph at lines 218--221
\OT1/cmr/m/n/10.95 and wired to the pla-nar model in \OT1/cmtt/m/n/10.95 SATRap
idityAnnulusCircle.lean \OT1/cmr/m/n/10.95 / \OT1/cmtt/m/n/10.95 SATRapidityPla
neBridge.lean\OT1/cmr/m/n/10.95 . 
 []


Overfull \hbox (3.39388pt too wide) in paragraph at lines 225--227
[]\OT1/cmr/m/n/10.95 for each nonzero shell cen-ter $\OML/cmm/m/it/10.95 q$\OT1
/cmr/m/n/10.95 , a lo-cal shell fiber sat-is-fy-ing the \OT1/cmtt/m/n/10.95 pla
neLocalShellIntersections
 []

[4]
Overfull \hbox (192.20518pt too wide) in paragraph at lines 244--248
[]\OT1/cmr/bx/n/10.95 Comparison fron-tier: \OT1/cmtt/m/n/10.95 DirectionSelect
ionCertificate.of[]plane[]cover[]bound\OT1/cmr/m/n/10.95 , \OT1/cmtt/m/n/10.95 
SATRapidityGapBridge.of[]plane[]cover[]bound\OT1/cmr/m/n/10.95 ,
 []


Overfull \hbox (64.30916pt too wide) in paragraph at lines 244--248
\OT1/cmtt/m/n/10.95 SATRapidityGeometricCollapse.of[]plane[]cover[]bound\OT1/cm
r/m/n/10.95 , as-sum-ing $2\OML/cmm/m/it/10.95 B \OMS/cmsy/m/n/10.95 ^^T []\OT1
/cmr/m/n/10.95 ([])$
 []


Overfull \hbox (107.91101pt too wide) in paragraph at lines 248--251
[]\OT1/cmr/bx/n/10.95 Exact fron-tier: \OT1/cmr/m/n/10.95 the par-al-lel \OT1/c
mtt/m/n/10.95 of[]plane[]cover[]exact[]frontier \OT1/cmr/m/n/10.95 con-struc-to
rs when $[]([]) =
 []


Overfull \hbox (344.06909pt too wide) in paragraph at lines 251--256
[]\OT1/cmr/bx/n/10.95 Threading only: \OT1/cmtt/m/n/10.95 direction[]selection[
]with[]plane[]witness[]implies[]gap[]bridge \OT1/cmr/m/n/10.95 and \OT1/cmtt/m/
n/10.95 direction[]selection[]with[]plane[]witness[]implies[]geometric[]collaps
e
 []


Overfull \hbox (26.0018pt too wide) in paragraph at lines 258--262
[]\OT1/cmr/m/n/10.95 A small finite-size lemma in-ter-nal to the same file reco
rds that the fac-tor-iza-tion/oracle \OT1/cmtt/m/n/10.95 candidateList
 []


Overfull \hbox (83.88608pt too wide) in paragraph at lines 278--280
[]\OT1/cmtt/m/n/10.95 intersections \OT1/cmr/m/n/10.95 : \OT1/cmtt/m/n/10.95 Pl
ane \TS1/cmtt/m/n/10.95 ^^Y \OT1/cmtt/m/n/10.95 Finset Plane \OT1/cmr/m/n/10.95
 and the fiber hy-pothe-ses \OT1/cmtt/m/n/10.95 hne\OT1/cmr/m/n/10.95 , \OT1/cm
tt/m/n/10.95 hloc \OT1/cmr/m/n/10.95 (\OT1/cmtt/m/n/10.95 planeLocalShellInters
ections
 []


Overfull \hbox (1.12215pt too wide) in paragraph at lines 284--286
[]\OT1/cmr/m/n/10.95 real com-par-i-son \OT1/cmtt/m/n/10.95 hCountFrontier \OT1
/cmr/m/n/10.95 : $2 \OMS/cmsy/m/n/10.95 ^^A []\OT1/cmr/m/n/10.95 ([] ) \OMS/cms
y/m/n/10.95 ^^T []\OT1/cmr/m/n/10.95 ([])$; 
 []

[5]
Overfull \hbox (215.34291pt too wide) in paragraph at lines 295--299
[]\OT1/cmr/m/n/10.95 named en-try points \OT1/cmtt/m/n/10.95 ribbon[]cover[]col
lapse\OT1/cmr/m/n/10.95 , \OT1/cmtt/m/n/10.95 ribbon[]cover[]collapse[]to[]gap[
]bridge\OT1/cmr/m/n/10.95 , \OT1/cmtt/m/n/10.95 ribbon[]cover[]collapse[]to[]di
rection[]selection\OT1/cmr/m/n/10.95 ,
 []


Overfull \hbox (41.8256pt too wide) in paragraph at lines 299--301
[]\OT1/cmtt/m/n/10.95 ribbon[]cover[]collapse[]hasPolynomialResidualBudget\OT1/
cmr/m/n/10.95 : closes into \OT1/cmtt/m/n/10.95 HasPolynomialResidualBudget
 []


Overfull \hbox (35.8542pt too wide) in paragraph at lines 305--310
[]\OT1/cmr/m/n/10.95 The method \OT1/cmtt/m/n/10.95 toGeometricCollapse \OT1/cm
r/m/n/10.95 ap-plies \OT1/cmtt/m/n/10.95 DirectionSelectionCertificate.toGeomet
ricCollapse
 []

[6]
Overfull \hbox (32.39873pt too wide) in paragraph at lines 345--347
[]\OT1/cmr/m/n/10.95 package these as a \OT1/cmtt/m/n/10.95 RibbonCoverCollapse
Data \OT1/cmr/m/n/10.95 wit-ness (or equiv-a-lent in-puts to \OT1/cmtt/m/n/10.9
5 of[]plane[]cover[]bound
 []


Overfull \hbox (214.46864pt too wide) in paragraph at lines 347--351
\OT1/cmtt/m/n/10.95 SATRapiditySphereCodeCertificate $\OMS/cmsy/m/n/10.95 !$ \O
T1/cmtt/m/n/10.95 HasPolynomialResidualBudget \OT1/cmr/m/n/10.95 (see \OT1/cmtt
/m/n/10.95 ribbon[]cover[]collapse[]hasPolynomialResidualBudget\OT1/cmr/m/n/10.
95 ),
 []


Overfull \hbox (15.90327pt too wide) in paragraph at lines 353--359
\OT1/cmr/m/n/10.95 A sep-a-rate, older ab-strac-tion \OT1/cmtt/m/n/10.95 SATRap
idityPackingCertificate \OT1/cmr/m/n/10.95 in \OT1/cmtt/m/n/10.95 SATRapidityPa
ckingBridge.lean
 []


Overfull \hbox (94.36142pt too wide) in paragraph at lines 353--359
\OT1/cmr/m/n/10.95 still rep-re-sents a generic packing/kissing-style fron-tier
 bound; the ribbon-cover route in \OT1/cmtt/m/n/10.95 SATRapidityPlaneBridge.le
an
 []

[7] [8]
Overfull \hbox (58.61565pt too wide) in paragraph at lines 465--467
[]\OT1/cmr/m/n/10.95 apply \OT1/cmtt/m/n/10.95 ribbon[]cover[]collapse[]hasPoly
nomialResidualBudget \OT1/cmr/m/n/10.95 to reach \OT1/cmtt/m/n/10.95 HasPolynom
ialResidualBudget\OT1/cmr/m/n/10.95 . 
 []


Overfull \hbox (27.58932pt too wide) in paragraph at lines 522--524
[]\OT1/cmr/m/n/10.95 the ex-plicit shell-to-$\OML/cmm/m/it/10.95 m \OT1/cmr/m/n
/10.95 + 1$ mono-tonic-ity and shell-surface prox-ies from \OT1/cmtt/m/n/10.95 
OctonionSphereConstruction
 []

[9]
Overfull \hbox (15.44894pt too wide) in paragraph at lines 560--562
[]\OT1/cmr/m/n/10.95 Euclidean shell / slice ge-om-e-try in \OT1/cmtt/m/n/10.95
 SpatialSliceManifold \OT1/cmr/m/n/10.95 and \OT1/cmtt/m/n/10.95 EuclideanBallH
orizontalSlice\OT1/cmr/m/n/10.95 ; 
 []

[10]
Overfull \hbox (176.88232pt too wide) in paragraph at lines 592--595
[]\OT1/cmr/m/n/10.95 If the Euler/Gauss-shell route is pur-sued, a com-pan-ion 
mod-ule such as \OT1/cmtt/m/n/10.95 Hqiv/Geometry/SATRapidityShellIntersectionC
ount.lean
 []


Overfull \hbox (30.02023pt too wide) in paragraph at lines 598--604
\OT1/cmr/m/n/10.95 struct the ribbon-cover / en-cod-ing wit-ness and to re-plac
e abstract-placeholder \OT1/cmtt/m/n/10.95 localShellIntersections
 []


Overfull \hbox (140.44308pt too wide) in paragraph at lines 618--619
[]\OT1/cmtt/m/n/10.95 Hqiv/Geometry/ATSPWorstCaseCertified.lean \OT1/cmr/m/n/10
.95 (en-ve-lope used by \OT1/cmtt/m/n/10.95 ribbon[]cover[]collapse[]implies[]n
at[]root[]envelope\OT1/cmr/m/n/10.95 ) 
 []

[11] [12] (./sat_rapidity_frontier_note.aux)
 ***********
LaTeX2e <2025-11-01>
L3 programming layer <2026-01-19>
 ***********
Package rerunfilecheck Info: File `sat_rapidity_frontier_note.out' has not chan
ged.
(rerunfilecheck)             Checksum: 6EAE87BA079B9312F5080F42959E4A98;6839.
 ) 
Here is how much of TeX's memory you used:
 9814 strings out of 467533
 148255 string characters out of 5422138
 571922 words of memory out of 5000000
 38563 multiletter control sequences out of 15000+600000
 636922 words of font info for 75 fonts, out of 8000000 for 9000
 1141 hyphenation exceptions out of 8191
 75i,6n,79p,563b,592s stack positions out of 10000i,1000n,20000p,200000b,200000s
</usr/share/texlive/texmf-dist/fonts/type1/public/amsfonts/cm/cmbx10.pfb></us
r/share/texlive/texmf-dist/fonts/type1/public/amsfonts/cm/cmbx12.pfb></usr/shar
e/texlive/texmf-dist/fonts/type1/public/amsfonts/cm/cmex10.pfb></usr/share/texl
ive/texmf-dist/fonts/type1/public/amsfonts/cm/cmmi10.pfb></usr/share/texlive/te
xmf-dist/fonts/type1/public/amsfonts/cm/cmmi8.pfb></usr/share/texlive/texmf-dis
t/fonts/type1/public/amsfonts/cm/cmr10.pfb></usr/share/texlive/texmf-dist/fonts
/type1/public/amsfonts/cm/cmr12.pfb></usr/share/texlive/texmf-dist/fonts/type1/
public/amsfonts/cm/cmr17.pfb></usr/share/texlive/texmf-dist/fonts/type1/public/
amsfonts/cm/cmr8.pfb></usr/share/texlive/texmf-dist/fonts/type1/public/amsfonts
/cm/cmsy10.pfb></usr/share/texlive/texmf-dist/fonts/type1/public/amsfonts/cm/cm
sy8.pfb></usr/share/texlive/texmf-dist/fonts/type1/public/amsfonts/cm/cmti10.pf
b></usr/share/texlive/texmf-dist/fonts/type1/public/amsfonts/cm/cmtt10.pfb></us
r/share/texlive/texmf-dist/fonts/type1/public/amsfonts/symbols/msbm10.pfb></usr
/share/texmf/fonts/type1/public/cm-super/sfrm1095.pfb></usr/share/texmf/fonts/t
ype1/public/cm-super/sftt1095.pfb>
Output written on sat_rapidity_frontier_note.pdf (12 pages, 217414 bytes).
PDF statistics:
 294 PDF objects out of 1000 (max. 8388607)
 245 compressed objects within 3 object streams
 72 named destinations out of 1000 (max. 500000)
 201 words of extra memory for PDF output out of 10000 (max. 10000000)

