\BOOKMARK [1][-]{section.1}{\376\377\000B\000o\000t\000t\000o\000m\000\040\000l\000a\000y\000e\000r\000:\000\040\000w\000h\000a\000t\000\040\000i\000s\000\040\000a\000l\000r\000e\000a\000d\000y\000\040\000c\000e\000r\000t\000i\000f\000i\000e\000d}{}% 1
\BOOKMARK [2][-]{subsection.1.1}{\376\377\000S\000A\000T\000\040\000w\000o\000r\000s\000t\000-\000c\000a\000s\000e\000\040\000c\000e\000r\000t\000i\000f\000i\000c\000a\000t\000i\000o\000n\000\040\000l\000a\000y\000e\000r}{section.1}% 2
\BOOKMARK [2][-]{subsection.1.2}{\376\377\000S\000h\000a\000r\000e\000d\000\040\000m\000a\000n\000i\000f\000o\000l\000d\000\040\000/\000\040\000r\000a\000p\000i\000d\000i\000t\000y\000\040\000l\000a\000y\000e\000r}{section.1}% 3
\BOOKMARK [2][-]{subsection.1.3}{\376\377\000R\000e\000s\000i\000d\000u\000a\000l\000-\000c\000o\000n\000t\000r\000o\000l\000\040\000l\000a\000y\000e\000r}{section.1}% 4
\BOOKMARK [1][-]{section.2}{\376\377\000W\000h\000y\000\040\000s\000t\000a\000r\000s\000-\000a\000n\000d\000-\000b\000a\000r\000s\000\040\000i\000s\000\040\000p\000r\000o\000b\000a\000b\000l\000y\000\040\000n\000o\000t\000\040\000e\000n\000o\000u\000g\000h}{}% 5
\BOOKMARK [1][-]{section.3}{\376\377\000F\000r\000o\000n\000t\000i\000e\000r\000\040\000g\000e\000o\000m\000e\000t\000r\000y\000:\000\040\000t\000h\000e\000\040\000n\000e\000w\000\040\000p\000a\000c\000k\000i\000n\000g\000\040\000l\000a\000y\000e\000r}{}% 6
\BOOKMARK [2][-]{subsection.3.1}{\376\377\000A\000n\000a\000l\000y\000t\000i\000c\000a\000l\000\040\000a\000r\000c\000,\000\040\000a\000n\000n\000u\000l\000a\000r\000\040\000r\000i\000b\000b\000o\000n\000,\000\040\000a\000n\000d\000\040\000m\000o\000i\000r\000\351}{section.3}% 7
\BOOKMARK [1][-]{section.4}{\376\377\000W\000h\000a\000t\000\040\000i\000s\000\040\000n\000o\000w\000\040\000f\000u\000l\000l\000y\000\040\000c\000o\000n\000s\000t\000r\000u\000c\000t\000e\000d\000\040\000i\000n\000\040\000L\000e\000a\000n}{}% 8
\BOOKMARK [2][-]{subsection.4.1}{\376\377\000D\000i\000r\000e\000c\000t\000i\000o\000n\000\040\000s\000e\000l\000e\000c\000t\000i\000o\000n\000,\000\040\000g\000a\000p\000\040\000b\000r\000i\000d\000g\000e\000,\000\040\000a\000n\000d\000\040\000g\000e\000o\000m\000e\000t\000r\000i\000c\000\040\000c\000o\000l\000l\000a\000p\000s\000e\000\040\000a\000r\000e\000\040\000p\000a\000c\000k\000a\000g\000e\000d}{section.4}% 9
\BOOKMARK [2][-]{subsection.4.2}{\376\377\000E\000x\000a\000c\000t\000-\000c\000o\000u\000n\000t\000\040\000r\000o\000u\000t\000e\000\040\000i\000s\000\040\000n\000o\000w\000\040\000e\000x\000p\000l\000i\000c\000i\000t}{section.4}% 10
\BOOKMARK [2][-]{subsection.4.3}{\376\377\000S\000i\000n\000g\000l\000e\000-\000h\000y\000p\000o\000t\000h\000e\000s\000i\000s\000\040\000c\000o\000l\000l\000a\000p\000s\000e\000\040\000o\000f\000\040\000s\000t\000e\000p\000s\000\040\0002\040\023\0005}{section.4}% 11
\BOOKMARK [1][-]{section.5}{\376\377\000W\000h\000a\000t\000\040\000t\000h\000e\000\040\000f\000i\000n\000a\000l\000\040\000m\000i\000s\000s\000i\000n\000g\000\040\000p\000i\000e\000c\000e\000\040\000m\000u\000s\000t\000\040\000s\000a\000y}{}% 12
\BOOKMARK [1][-]{section.6}{\376\377\000I\000n\000t\000e\000r\000p\000r\000e\000t\000i\000v\000e\000\040\000n\000o\000t\000e\000\040\000o\000n\000\040\000d\000i\000m\000e\000n\000s\000i\000o\000n\000\040\000a\000n\000d\000\040\000c\000o\000l\000l\000a\000p\000s\000e}{}% 13
\BOOKMARK [1][-]{section.7}{\376\377\000T\000w\000o\000\040\000c\000o\000n\000c\000r\000e\000t\000e\000\040\000c\000a\000n\000d\000i\000d\000a\000t\000e\000\040\000a\000p\000p\000r\000o\000a\000c\000h\000e\000s\000\040\000f\000o\000r\000\040\000t\000h\000e\000\040\000f\000i\000n\000a\000l\000\040\000b\000r\000i\000d\000g\000e}{}% 14
\BOOKMARK [2][-]{subsection.7.1}{\376\377\000A\000n\000g\000u\000l\000a\000r\000\040\000s\000e\000p\000a\000r\000a\000t\000i\000o\000n\000\040\000o\000n\000\040\000t\000h\000e\000\040\000r\000a\000p\000i\000d\000i\000t\000y\000\040\000s\000p\000h\000e\000r\000e\000\040\000/\000\040\000l\000o\000c\000a\000l\000\040\000s\000e\000c\000t\000i\000o\000n}{section.7}% 15
\BOOKMARK [2][-]{subsection.7.2}{\376\377\000R\000i\000e\000m\000a\000n\000n\000i\000a\000n\000\040\000t\000a\000n\000g\000e\000n\000t\000-\000s\000p\000a\000c\000e\000\040\000p\000a\000c\000k\000i\000n\000g}{section.7}% 16
\BOOKMARK [1][-]{section.8}{\376\377\000W\000h\000a\000t\000\040\000i\000s\000\040\000s\000t\000i\000l\000l\000\040\000g\000e\000n\000u\000i\000n\000e\000l\000y\000\040\000m\000i\000s\000s\000i\000n\000g}{}% 17
\BOOKMARK [2][-]{subsection.8.1}{\376\377\000T\000h\000e\000\040\000o\000n\000e\000\040\000r\000e\000m\000a\000i\000n\000i\000n\000g\000\040\000w\000i\000t\000n\000e\000s\000s\000-\000p\000r\000o\000d\000u\000c\000i\000n\000g\000\040\000t\000h\000e\000o\000r\000e\000m}{section.8}% 18
\BOOKMARK [2][-]{subsection.8.2}{\376\377\000W\000h\000a\000t\000\040\000i\000s\000\040\000s\000t\000i\000l\000l\000\040\000s\000c\000a\000f\000f\000o\000l\000d\000-\000l\000e\000v\000e\000l}{section.8}% 19
\BOOKMARK [1][-]{section.9}{\376\377\000B\000e\000s\000t\000\040\000a\000n\000c\000h\000o\000r\000\040\000p\000o\000i\000n\000t\000s\000\040\000f\000o\000r\000\040\000t\000h\000e\000\040\000n\000e\000x\000t\000\040\000p\000r\000o\000o\000f\000\040\000a\000t\000t\000e\000m\000p\000t}{}% 20
\BOOKMARK [2][-]{subsection.9.1}{\376\377\000P\000r\000i\000m\000a\000r\000y\000\040\000a\000n\000c\000h\000o\000r\000:\000\040\000m\000a\000n\000i\000f\000o\000l\000d\000\040\000r\000a\000p\000i\000d\000i\000t\000y\000\040\000r\000o\000a\000d\000m\000a\000p\000s}{section.9}% 21
\BOOKMARK [2][-]{subsection.9.2}{\376\377\000S\000e\000c\000o\000n\000d\000a\000r\000y\000\040\000a\000n\000c\000h\000o\000r\000:\000\040\000t\000h\000e\000o\000r\000e\000m\000\040\000i\000n\000d\000e\000x\000\040\000f\000o\000r\000\040\000e\000x\000i\000s\000t\000i\000n\000g\000\040\000r\000e\000u\000s\000a\000b\000l\000e\000\040\000p\000i\000e\000c\000e\000s}{section.9}% 22
\BOOKMARK [2][-]{subsection.9.3}{\376\377\000T\000h\000i\000r\000d\000\040\000a\000n\000c\000h\000o\000r\000:\000\040\000m\000o\000d\000u\000l\000a\000r\000\040\000/\000\040\000F\000o\000u\000r\000i\000e\000r\000\040\000p\000a\000t\000c\000h\000\040\000n\000a\000r\000r\000a\000t\000i\000v\000e}{section.9}% 23
\BOOKMARK [2][-]{subsection.9.4}{\376\377\000F\000o\000u\000r\000t\000h\000\040\000a\000n\000c\000h\000o\000r\000:\000\040\000E\000u\000l\000e\000r\000/\000G\000a\000u\000s\000s\000-\000s\000t\000y\000l\000e\000\040\000s\000h\000e\000l\000l\000\040\000i\000n\000t\000e\000r\000s\000e\000c\000t\000i\000o\000n\000\040\000c\000o\000u\000n\000t\000s}{section.9}% 24
\BOOKMARK [1][-]{section.10}{\376\377\000C\000u\000r\000r\000e\000n\000t\000\040\000s\000t\000a\000t\000u\000s\000\040\000i\000n\000\040\000o\000n\000e\000\040\000s\000e\000n\000t\000e\000n\000c\000e}{}% 25
